Log file open, 11/17/17 13:30:37
LogWindows: Failed to load 'aqProf.dll' (GetLastError=126)
LogWindows: File 'aqProf.dll' does not exist
LogWindows: Failed to load 'VtuneApi.dll' (GetLastError=126)
LogWindows: File 'VtuneApi.dll' does not exist
LogWindows: Failed to load 'VtuneApi32e.dll' (GetLastError=126)
LogWindows: File 'VtuneApi32e.dll' does not exist
LogInit: Display: Running engine for game: GPU_QAQC
LogPlatformFile: Not using cached read wrapper
LogInit: Display: RandInit(-535704365) SRandInit(-535704365).
LogTaskGraph: Started task graph with 5 named threads and 14 total threads with 3 sets of task threads.
LogStats: Stats thread started at 0.188916
LogD3D11RHI: Aftermath initialized
LogPluginManager: Mounting plugin Paper2D
LogPluginManager: Mounting plugin LightPropagationVolume
LogPluginManager: Mounting plugin CodeLiteSourceCodeAccess
LogPluginManager: Mounting plugin GitSourceControl
LogPluginManager: Mounting plugin KDevelopSourceCodeAccess
LogPluginManager: Mounting plugin NullSourceCodeAccess
LogPluginManager: Mounting plugin PerforceSourceControl
LogPluginManager: Mounting plugin SubversionSourceControl
LogPluginManager: Mounting plugin UObjectPlugin
LogPluginManager: Mounting plugin VisualStudioSourceCodeAccess
LogPluginManager: Mounting plugin XCodeSourceCodeAccess
LogPluginManager: Mounting plugin AssetManagerEditor
LogPluginManager: Mounting plugin AudioCapture
LogPluginManager: Mounting plugin FacialAnimation
LogPluginManager: Mounting plugin GameplayTagsEditor
LogPluginManager: Mounting plugin MobileLauncherProfileWizard
LogPluginManager: Mounting plugin PluginBrowser
LogPluginManager: Mounting plugin SpeedTreeImporter
LogPluginManager: Mounting plugin AlembicImporter
LogPluginManager: Mounting plugin CharacterAI
LogPluginManager: Mounting plugin HTML5Networking
LogPluginManager: Mounting plugin AndroidMedia
LogPluginManager: Mounting plugin AvfMedia
LogPluginManager: Mounting plugin MediaPlayerEditor
LogPluginManager: Mounting plugin WmfMedia
LogPluginManager: Mounting plugin TcpMessaging
LogPluginManager: Mounting plugin UdpMessaging
LogPluginManager: Mounting plugin LevelSequenceEditor
LogPluginManager: Mounting plugin MatineeToLevelSequence
LogPluginManager: Mounting plugin OnlineSubsystemGooglePlay
LogPluginManager: Mounting plugin OnlineSubsystemIOS
LogPluginManager: Mounting plugin OnlineSubsystem
LogPluginManager: Mounting plugin OnlineSubsystemNull
LogPluginManager: Mounting plugin OnlineSubsystemUtils
LogPluginManager: Mounting plugin AndroidDeviceProfileSelector
LogPluginManager: Mounting plugin AndroidMoviePlayer
LogPluginManager: Mounting plugin AndroidPermission
LogPluginManager: Mounting plugin AppleMoviePlayer
LogPluginManager: Mounting plugin ArchVisCharacter
LogPluginManager: Mounting plugin CableComponent
LogPluginManager: Mounting plugin CustomMeshComponent
LogPluginManager: Mounting plugin ExampleDeviceProfileSelector
LogPluginManager: Mounting plugin GoogleCloudMessaging
LogPluginManager: Mounting plugin ImmediatePhysics
LogPluginManager: Mounting plugin IOSDeviceProfileSelector
LogPluginManager: Mounting plugin LinuxDeviceProfileSelector
LogPluginManager: Mounting plugin LocationServicesBPLibrary
LogPluginManager: Mounting plugin MobilePatchingUtils
LogPluginManager: Mounting plugin OculusVR
LogPluginManager: Mounting plugin PhysXVehicles
LogPluginManager: Mounting plugin ProceduralMeshComponent
LogPluginManager: Mounting plugin RuntimePhysXCooking
LogPluginManager: Mounting plugin SteamVR
LogPluginManager: Mounting plugin WindowsMoviePlayer
LogInit: Using libcurl 7.47.1
LogInit:  - built for x86_64-pc-win32
LogInit:  - supports SSL with OpenSSL/1.0.2g
LogInit:  - supports HTTP deflate (compression) using libz 1.2.8
LogInit:  - other features:
LogInit:      CURL_VERSION_SSL
LogInit:      CURL_VERSION_LIBZ
LogInit:      CURL_VERSION_IPV6
LogInit:      CURL_VERSION_ASYNCHDNS
LogInit:      CURL_VERSION_LARGEFILE
LogInit:      CURL_VERSION_IDN
LogInit:  CurlRequestOptions (configurable via config and command line):
LogInit:  - bVerifyPeer = false  - Libcurl will NOT verify peer certificate
LogInit:  - bUseHttpProxy = false  - Libcurl will NOT use HTTP proxy
LogInit:  - bDontReuseConnections = false  - Libcurl will reuse connections
LogInit:  - CertBundlePath = nullptr  - Libcurl will use whatever was configured at build time.
LogInit: Build: ++UE4+Release-4.17-CL-3658906
LogInit: Engine Version: 4.17.2-3658906+++UE4+Release-4.17
LogInit: Compatible Engine Version: 4.17.0-3573198+++UE4+Release-4.17
LogInit: Net CL: 3573198
LogDevObjectVersion: Number of dev versions registered: 16
LogDevObjectVersion:   Dev-Blueprints (B0D832E4-1F89-4F0D-ACCF-7EB736FD4AA2): 10
LogDevObjectVersion:   Dev-Build (E1C64328-A22C-4D53-A36C-8E866417BD8C): 0
LogDevObjectVersion:   Dev-Core (375EC13C-06E4-48FB-B500-84F0262A717E): 2
LogDevObjectVersion:   Dev-Editor (E4B068ED-F494-42E9-A231-DA0B2E46BB41): 20
LogDevObjectVersion:   Dev-Framework (CFFC743F-43B0-4480-9391-14DF171D2073): 28
LogDevObjectVersion:   Dev-Mobile (B02B49B5-BB20-44E9-A304-32B752E40360): 0
LogDevObjectVersion:   Dev-Networking (A4E4105C-59A1-49B5-A7C5-40C4547EDFEE): 0
LogDevObjectVersion:   Dev-Online (39C831C9-5AE6-47DC-9A44-9C173E1C8E7C): 0
LogDevObjectVersion:   Dev-Physics (78F01B33-EBEA-4F98-B9B4-84EACCB95AA2): 0
LogDevObjectVersion:   Dev-Platform (6631380F-2D4D-43E0-8009-CF276956A95A): 0
LogDevObjectVersion:   Dev-Rendering (12F88B9F-8875-4AFC-A67C-D90C383ABD29): 19
LogDevObjectVersion:   Dev-Sequencer (7B5AE74C-D270-4C10-A958-57980B212A5A): 4
LogDevObjectVersion:   Dev-VR (D7296918-1DD6-4BDD-9DE2-64A83CC13884): 0
LogDevObjectVersion:   Dev-LoadTimes (C2A15278-BFE7-4AFE-6C17-90FF531DF755): 1
LogDevObjectVersion:   Private-Geometry (6EACA3D4-40EC-4CC1-B786-8BED09428FC5): 1
LogDevObjectVersion:   Dev-AnimPhys (29E575DD-E0A3-4627-9D10-D276232CDCEA): 7
LogInit: Compiled (64-bit): Sep 22 2017 13:47:16
LogInit: Compiled with Visual C++: 19.00.24215.01
LogInit: Build Configuration: Development
LogInit: Branch Name: ++UE4+Release-4.17
LogInit: Command line: -EpicPortal 
LogInit: Base directory: D:/UnrealEngine/UE_4.17/Engine/Binaries/Win64/
LogInit: Installed Engine Build: 1
LogInit: Presizing for max 8388607 objects, including 0 objects not considered by GC, pre-allocating 0 bytes for permanent pool.
LogInit: Object subsystem initialized
[2017.11.17-21.30.37:648][  0]LogInit: Selected Device Profile: [Windows]
[2017.11.17-21.30.37:648][  0]LogInit: Applying CVar settings loaded from the selected device profile: [Windows]
[2017.11.17-21.30.37:660][  0]LogInit: Computer: DESKTOP-2CFDKMS
[2017.11.17-21.30.37:660][  0]LogInit: User: User
[2017.11.17-21.30.37:660][  0]LogInit: CPU Page size=4096, Cores=4
[2017.11.17-21.30.37:660][  0]LogInit: High frequency timer resolution =2.531255 MHz
[2017.11.17-21.30.37:660][  0]LogMemory: Memory total: Physical=15.9GB (16GB approx)
[2017.11.17-21.30.37:660][  0]LogMemory: Platform Memory Stats for Windows
[2017.11.17-21.30.37:660][  0]LogMemory: Process Physical Memory: 278.43 MB used, 278.43 MB peak
[2017.11.17-21.30.37:660][  0]LogMemory: Process Virtual Memory: 274.21 MB used, 274.21 MB peak
[2017.11.17-21.30.37:660][  0]LogMemory: Physical Memory: 8625.92 MB used,  7668.75 MB free, 16294.67 MB total
[2017.11.17-21.30.37:660][  0]LogMemory: Virtual Memory: 669.05 MB used,  7668.75 MB free, 134217728.00 MB total
[2017.11.17-21.30.37:789][  0]LogInit: Using OS detected language (en-US).
[2017.11.17-21.30.37:789][  0]LogInit: Using OS detected locale (en-US).
[2017.11.17-21.30.37:792][  0]LogTextLocalizationManager: No specific localization for 'en-US' exists, so the 'en' localization will be used.
[2017.11.17-21.30.38:580][  0]LogD3D11RHI: D3D11 adapters:
[2017.11.17-21.30.39:397][  0]LogD3D11RHI:    0. 'NVIDIA GeForce GTX 970M' (Feature Level 11_0)
[2017.11.17-21.30.39:397][  0]LogD3D11RHI:       3040/0/8147 MB DedicatedVideo/DedicatedSystem/SharedSystem, Outputs:1, VendorId:0x10de
[2017.11.17-21.30.39:403][  0]LogD3D11RHI:    1. 'Intel(R) HD Graphics 530' (Feature Level 11_0)
[2017.11.17-21.30.39:403][  0]LogD3D11RHI:       128/0/8147 MB DedicatedVideo/DedicatedSystem/SharedSystem, Outputs:0, VendorId:0x8086
[2017.11.17-21.30.39:404][  0]LogD3D11RHI:    2. 'Microsoft Basic Render Driver' (Feature Level 11_0)
[2017.11.17-21.30.39:404][  0]LogD3D11RHI:       0/0/8147 MB DedicatedVideo/DedicatedSystem/SharedSystem, Outputs:0, VendorId:0x1414
[2017.11.17-21.30.39:404][  0]LogD3D11RHI: Chosen D3D11 Adapter: 0
[2017.11.17-21.30.39:411][  0]LogD3D11RHI: Creating new Direct3DDevice
[2017.11.17-21.30.39:411][  0]LogD3D11RHI:     GPU DeviceId: 0x13d8 (for the marketing name, search the web for "GPU Device Id")
[2017.11.17-21.30.39:411][  0]LogWindows: EnumDisplayDevices:
[2017.11.17-21.30.39:411][  0]LogWindows:    0. 'Intel(R) HD Graphics 530' (P:1 D:1)
[2017.11.17-21.30.39:412][  0]LogWindows:    1. 'Intel(R) HD Graphics 530' (P:0 D:0)
[2017.11.17-21.30.39:412][  0]LogWindows:    2. 'Intel(R) HD Graphics 530' (P:0 D:0)
[2017.11.17-21.30.39:412][  0]LogWindows: DebugString: PrimaryIsNotTheChoosenAdapter PrimaryIsNotTheChoosenAdapter PrimaryIsNotTheChoosenAdapter FoundDriverCount:0 
[2017.11.17-21.30.39:412][  0]LogD3D11RHI:     Adapter Name: NVIDIA GeForce GTX 970M
[2017.11.17-21.30.39:412][  0]LogD3D11RHI:   Driver Version: Unknown (internal:Unknown, unified:Unknown)
[2017.11.17-21.30.39:412][  0]LogD3D11RHI:      Driver Date: Unknown
[2017.11.17-21.30.39:412][  0]LogRHI: Texture pool is 1361 MB (70% of 1945 MB)
[2017.11.17-21.30.40:181][  0]LogD3D11RHI: Async texture creation enabled
[2017.11.17-21.30.40:230][  0]LogD3D11RHI: GPU Timing Frequency: 1000.000000 (Debug: 2 1)
[2017.11.17-21.30.40:231][  0]LogShaderCompilers: Guid format shader working directory is -15 characters bigger than the processId version (../../../../../VirturalRealityGreenspace/OpenCL_SMA/GPU_QAQC/Intermediate/Shaders/WorkingDirectory/6000/).
[2017.11.17-21.30.40:231][  0]LogShaderCompilers: Cleaned the shader compiler working directory 'C:/Users/User/AppData/Local/Temp/UnrealShaderWorkingDir/F4B0F0E84845AEAF35EA299546C28170/'.
[2017.11.17-21.30.40:231][  0]LogShaderCompilers: Display: Using Local Shader Compiler.
[2017.11.17-21.30.41:338][  0]LogTemp: Display: Loaded TP AllDesktopTargetPlatform
[2017.11.17-21.30.41:377][  0]LogTemp: Display: Loaded TP MacClientTargetPlatform
[2017.11.17-21.30.41:418][  0]LogTemp: Display: Loaded TP MacNoEditorTargetPlatform
[2017.11.17-21.30.41:467][  0]LogTemp: Display: Loaded TP MacServerTargetPlatform
[2017.11.17-21.30.41:511][  0]LogTemp: Display: Loaded TP MacTargetPlatform
[2017.11.17-21.30.41:572][  0]LogTemp: Display: Loaded TP WindowsClientTargetPlatform
[2017.11.17-21.30.41:616][  0]LogTemp: Display: Loaded TP WindowsNoEditorTargetPlatform
[2017.11.17-21.30.41:667][  0]LogTemp: Display: Loaded TP WindowsServerTargetPlatform
[2017.11.17-21.30.41:703][  0]LogTemp: Display: Loaded TP WindowsTargetPlatform
[2017.11.17-21.30.41:748][  0]LogTemp: Display: Loaded TP AndroidTargetPlatform
[2017.11.17-21.30.41:798][  0]LogTemp: Display: Loaded TP Android_ASTCTargetPlatform
[2017.11.17-21.30.41:844][  0]LogTemp: Display: Loaded TP Android_ATCTargetPlatform
[2017.11.17-21.30.41:884][  0]LogTemp: Display: Loaded TP Android_DXTTargetPlatform
[2017.11.17-21.30.41:931][  0]LogTemp: Display: Loaded TP Android_ETC1TargetPlatform
[2017.11.17-21.30.41:969][  0]LogTemp: Display: Loaded TP Android_ETC2TargetPlatform
[2017.11.17-21.30.42:053][  0]LogTemp: Display: Loaded TP Android_MultiTargetPlatform
[2017.11.17-21.30.42:053][  0]LogTemp: Display: Loaded TP Android_PVRTCTargetPlatform
[2017.11.17-21.30.42:088][  0]LogTemp: Display: Loaded TP HTML5TargetPlatform
[2017.11.17-21.30.42:177][  0]LogTemp: Display: Loaded TP IOSTargetPlatform
[2017.11.17-21.30.42:216][  0]LogTemp: Display: Loaded TP TVOSTargetPlatform
[2017.11.17-21.30.42:272][  0]LogTemp: Display: Loaded TP LinuxClientTargetPlatform
[2017.11.17-21.30.42:328][  0]LogTemp: Display: Loaded TP LinuxNoEditorTargetPlatform
[2017.11.17-21.30.42:376][  0]LogTemp: Display: Loaded TP LinuxServerTargetPlatform
[2017.11.17-21.30.42:428][  0]LogTemp: Display: Loaded TP LinuxTargetPlatform
[2017.11.17-21.30.42:428][  0]LogTargetPlatformManager: Display: Building Assets For Windows
[2017.11.17-21.30.42:814][  0]LogDerivedDataCache: Display: Max Cache Size: 512 MB
[2017.11.17-21.30.42:918][  0]LogDerivedDataCache: Loaded boot cache 0.10s 93MB C:/Users/User/AppData/Local/UnrealEngine/4.17/DerivedDataCache/Boot.ddc.
[2017.11.17-21.30.42:918][  0]LogDerivedDataCache: Display: Loaded Boot cache: C:/Users/User/AppData/Local/UnrealEngine/4.17/DerivedDataCache/Boot.ddc
[2017.11.17-21.30.42:918][  0]LogDerivedDataCache: FDerivedDataBackendGraph:  Pak pak cache file ../../../../../VirturalRealityGreenspace/OpenCL_SMA/GPU_QAQC/DerivedDataCache/DDC.ddp not found, will not use a pak cache.
[2017.11.17-21.30.42:918][  0]LogDerivedDataCache: Unable to find inner node Pak for hierarchical cache Hierarchy.
[2017.11.17-21.30.42:918][  0]LogDerivedDataCache: FDerivedDataBackendGraph:  CompressedPak pak cache file ../../../../../VirturalRealityGreenspace/OpenCL_SMA/GPU_QAQC/DerivedDataCache/Compressed.ddp not found, will not use a pak cache.
[2017.11.17-21.30.42:918][  0]LogDerivedDataCache: Unable to find inner node CompressedPak for hierarchical cache Hierarchy.
[2017.11.17-21.30.42:939][  0]LogDerivedDataCache: Display: Pak cache opened for reading ../../../Engine/DerivedDataCache/Compressed.ddp.
[2017.11.17-21.30.42:951][  0]LogDerivedDataCache: Using Local data cache path C:/Users/User/AppData/Local/UnrealEngine/Common/DerivedDataCache: Writable
[2017.11.17-21.30.42:964][  0]LogMaterial: Verifying Global Shaders for PCD3D_SM5
[2017.11.17-21.30.42:964][  0]LogSlate: Using Freetype 2.6.0
[2017.11.17-21.30.42:965][  0]LogSlate: SlateFontCache - WITH_FREETYPE: 1, WITH_HARFBUZZ: 1
[2017.11.17-21.30.42:965][  0]LogSlate: SlateFontCache - WITH_FREETYPE: 1, WITH_HARFBUZZ: 1
[2017.11.17-21.30.43:253][  0]LogAssetRegistry: FAssetRegistry took 0.0265 seconds to start up
[2017.11.17-21.30.43:425][  0]LogInit: Selected Device Profile: [Windows]
[2017.11.17-21.30.43:581][  0]LogContentStreaming: Texture pool size is 0.00 MB
[2017.11.17-21.30.43:871][  0]LogSimplygon: Simplygon DLL not present - disabling.
[2017.11.17-21.30.43:902][  0]LogMeshReduction: Using SimplygonSwarm for distributed automatic mesh merging
[2017.11.17-21.30.43:902][  0]LogMeshReduction: Using QuadricMeshReduction for automatic static mesh reduction
[2017.11.17-21.30.43:902][  0]LogMeshReduction: No automatic skeletal mesh reduction module available
[2017.11.17-21.30.43:902][  0]LogMeshReduction: No automatic mesh merging module available
[2017.11.17-21.30.43:902][  0]LogMeshMerging: No automatic mesh merging module available
[2017.11.17-21.30.44:283][  0]LogNetVersion: GPU_QAQC , NetCL: 3573198, EngineNetVer: 2, GameNetVer: 0 (Checksum: 931637891)
[2017.11.17-21.30.44:506][  0]LogPackageLocalizationCache: Processed 5 localized package path(s) for 2 prioritized culture(s) in 0.047141 seconds
[2017.11.17-21.30.44:514][  0]LogUObjectArray: 35825 objects as part of root set at end of initial load.
[2017.11.17-21.30.44:514][  0]LogUObjectAllocator: 7529112 out of 0 bytes used by permanent object pool.
[2017.11.17-21.30.44:514][  0]LogUObjectArray: CloseDisregardForGC: 0/0 objects in disregard for GC pool
[2017.11.17-21.30.44:574][  0]LogInit: WinSock: version 1.1 (2.2), MaxSocks=32767, MaxUdp=65467
[2017.11.17-21.30.47:225][  0]LogTcpMessaging: Initializing TcpMessaging bridge
[2017.11.17-21.30.47:272][  0]LogUdpMessaging: Initializing bridge on interface 0.0.0.0:0 to multicast group 230.0.0.1:6666.
[2017.11.17-21.30.47:867][  0]LogMaterial: Uniform references updated for custom material expression Custom.
[2017.11.17-21.30.48:240][  0]SourceControl: Source control is disabled
[2017.11.17-21.30.48:240][  0]SourceControl: Source control is disabled
[2017.11.17-21.30.48:282][  0]SourceControl: Source control is disabled
[2017.11.17-21.30.48:328][  0]SourceControl: Source control is disabled
[2017.11.17-21.30.48:814][  0]LogAndroidPermission: UAndroidPermissionCallbackProxy::GetInstance
[2017.11.17-21.30.49:013][  0]LogOcInput: OculusInput pre-init called
[2017.11.17-21.30.49:238][  0]LogEngine: Initializing Engine...
[2017.11.17-21.30.49:240][  0]LogHMD: Failed to initialize OpenVR with code 110
[2017.11.17-21.30.49:499][  0]LogStats: UGameplayTagsManager::ConstructGameplayTagTree: Construct from data asset -  0.000 s
[2017.11.17-21.30.49:499][  0]LogStats: UGameplayTagsManager::ConstructGameplayTagTree: GameplayTagTreeChangedEvent.Broadcast -  0.000 s
[2017.11.17-21.30.49:615][  0]LogAIModule: Creating AISystem for world Untitled
[2017.11.17-21.30.49:623][  0]LogInit: XAudio2 using 'Speakers (Realtek High Definition Audio)' : 2 channels at 48 kHz using 32 bits per sample (channel mask 0x3)
[2017.11.17-21.30.49:661][  0]LogInit: FAudioDevice initialized.
[2017.11.17-21.30.49:722][  0]LogDerivedDataCache: Saved boot cache 0.06s 93MB C:/Users/User/AppData/Local/UnrealEngine/4.17/DerivedDataCache/Boot.ddc.
[2017.11.17-21.30.49:733][  0]LogInit: Texture streaming: Enabled
[2017.11.17-21.30.49:824][  0]LogEngineSessionManager: EngineSessionManager initialized
[2017.11.17-21.30.50:021][  0]LogInit: Transaction tracking system initialized
[2017.11.17-21.30.50:320][  0]BlueprintLog: New page: Editor Load
[2017.11.17-21.30.51:133][  0]LocalizationService: Localization service is disabled
[2017.11.17-21.30.52:044][  0]LogConsoleResponse: Display: 
[2017.11.17-21.30.52:229][  0]LogFileCache: Scanning file cache for directory 'D:/VirturalRealityGreenspace/OpenCL_SMA/GPU_QAQC/Content/' took 0.01s
[2017.11.17-21.30.52:229][  0]LogCook: Display: Max memory allowance for cook 16384mb min free memory 0mb
[2017.11.17-21.30.52:230][  0]LogCook: Display: Mobile HDR setting 1
[2017.11.17-21.30.52:230][  0]LogGameplayTags: Display: UGameplayTagsManager::DoneAddingNativeTags. DelegateIsBound: 0
[2017.11.17-21.30.53:094][  0]SourceControl: Source control is disabled
[2017.11.17-21.30.53:094][  0]Cmd: MAP LOAD FILE="../../../Engine/Content/Maps/Templates/Template_Default.umap" TEMPLATE=1 SHOWPROGRESS=1 FEATURELEVEL=3
[2017.11.17-21.30.53:094][  0]LightingResults: New page: Lighting Build
[2017.11.17-21.30.53:126][  0]MapCheck: New page: Map Check
[2017.11.17-21.30.53:126][  0]LightingResults: New page: Lighting Build
[2017.11.17-21.30.53:337][  0]LogAIModule: Creating AISystem for world Untitled_1
[2017.11.17-21.30.53:343][  0]LogEditorServer: Finished looking for orphan Actors (0.000 secs)
[2017.11.17-21.30.53:356][  0]Cmd: MAP CHECKDEP NOCLEARLOG
[2017.11.17-21.30.53:398][  0]MapCheck: Map check complete: 0 Error(s), 0 Warning(s), took 41.449ms to complete.
[2017.11.17-21.30.53:398][  0]LogFileHelpers: Loading map 'Template_Default' took 0.304
[2017.11.17-21.30.53:580][  0]LogCollectionManager: Loaded 0 collections in 0.000858 seconds
[2017.11.17-21.30.53:660][  0]LogFileCache: Scanning file cache for directory 'D:/VirturalRealityGreenspace/OpenCL_SMA/GPU_QAQC/Saved/Collections/' took 0.01s
[2017.11.17-21.30.53:660][  0]LogFileCache: Scanning file cache for directory 'D:/VirturalRealityGreenspace/OpenCL_SMA/GPU_QAQC/Content/Developers/User/Collections/' took 0.01s
[2017.11.17-21.30.53:660][  0]LogFileCache: Scanning file cache for directory 'D:/VirturalRealityGreenspace/OpenCL_SMA/GPU_QAQC/Content/Collections/' took 0.01s
[2017.11.17-21.30.53:660][  0]LogCollectionManager: Rebuilt the GUID cache for 0 collections in 0.000001 seconds
[2017.11.17-21.30.53:677][  0]LogContentBrowser: Native class hierarchy populated in 0.0158 seconds. Added 2386 classes and 500 folders.
[2017.11.17-21.30.53:724][  0]LogContentBrowser: Native class hierarchy updated for 'WidgetCarousel' in 0.0008 seconds. Added 0 classes and 0 folders.
[2017.11.17-21.30.54:096][  0]LogContentBrowser: Native class hierarchy updated for 'AddContentDialog' in 0.0006 seconds. Added 0 classes and 0 folders.
[2017.11.17-21.30.54:139][  0]LogContentBrowser: Native class hierarchy updated for 'SceneOutliner' in 0.0007 seconds. Added 1 classes and 2 folders.
[2017.11.17-21.30.54:188][  0]LogSlate: Took 0.000178 seconds to synchronously load lazily loaded font '../../../Engine/Content/Slate/Fonts/Roboto-Regular.ttf' (155K)
[2017.11.17-21.30.54:190][  0]LogSlate: Took 0.000203 seconds to synchronously load lazily loaded font '../../../Engine/Content/Slate/Fonts/Roboto-Bold.ttf' (160K)
[2017.11.17-21.30.54:204][  0]LogSlate: Took 0.006761 seconds to synchronously load lazily loaded font '../../../Engine/Content/Editor/Slate/Fonts/FontAwesome.ttf' (139K)
[2017.11.17-21.30.54:361][  0]LogRenderer: Reallocating scene render targets to support 1072x576 Format 9 NumSamples 1 (Frame:1).
[2017.11.17-21.30.54:608][  0]LogContentBrowser: Native class hierarchy updated for 'HierarchicalLODOutliner' in 0.0007 seconds. Added 1 classes and 2 folders.
[2017.11.17-21.30.54:609][  0]LogLoad: (Engine Initialization) Total time: 18.34 seconds
[2017.11.17-21.30.54:609][  0]LogLoad: (Engine Initialization) Total Blueprint compile time: 0.00 seconds
[2017.11.17-21.30.54:609][  0]LogExternalProfiler: Found external profiler: VSPerf
[2017.11.17-21.30.54:609][  0]LogExternalProfiler: Using external profiler: VSPerf
[2017.11.17-21.30.55:029][  0]LogWindowsTextInputMethodSystem: Display: IME system now deactivated.
[2017.11.17-21.30.55:051][  0]LogAssetRegistry: Asset discovery search completed in 11.8203 seconds
[2017.11.17-21.30.55:053][  0]LogCollectionManager: Rebuilt the object cache for 0 collections in 0.000000 seconds (found 0 objects)
[2017.11.17-21.30.55:053][  0]LogCollectionManager: Fixed up redirectors for 0 collections in 0.000062 seconds (updated 0 objects)
[2017.11.17-21.30.55:057][  0]LogContentStreaming: Texture pool size now 600 MB
[2017.11.17-21.30.57:275][125]LogEditorViewport: Clicking on Actor (context menu): StaticMeshActor (Floor)
[2017.11.17-21.31.05:215][497]LogEditorViewport: Clicking on Actor (LMB): StaticMeshActor (Floor)
[2017.11.17-21.31.07:792][651]LogEditorViewport: Clicking on Actor (context menu): StaticMeshActor (Floor)
[2017.11.17-21.31.27:392][724]LogSlate: Took 0.000179 seconds to synchronously load lazily loaded font '../../../Engine/Content/Slate/Fonts/Roboto-Light.ttf' (159K)
[2017.11.17-21.31.27:474][724]LogSlate: Took 0.005089 seconds to synchronously load lazily loaded font '../../../Engine/Content/Editor/Slate/Fonts/Roboto-BoldCondensed.ttf' (158K)
[2017.11.17-21.31.54:883][724]LogContentBrowser: Native class hierarchy updated for 'BlueprintGraph' in 0.0012 seconds. Added 113 classes and 0 folders.
[2017.11.17-21.31.55:788][724]LogSlate: Took 0.000343 seconds to synchronously load lazily loaded font '../../../Engine/Content/Slate/Fonts/Roboto-Light.ttf' (159K)
[2017.11.17-21.32.53:488][323]LogEditorViewport: Clicking on Actor (LMB): Actor (Actor)
[2017.11.17-21.33.11:923][391]LogSlate: Took 0.007456 seconds to synchronously load lazily loaded font '../../../Engine/Content/Editor/Slate/Fonts/Roboto-Italic.ttf' (157K)
[2017.11.17-21.33.56:543][753]LogEditorViewport: Clicking on Actor (context menu): Actor (Actor)
[2017.11.17-21.34.04:279][822]LogActorFactory: Actor Factory created Sphere
[2017.11.17-21.34.05:449][885]LogActorFactory: Actor Factory created Sphere
[2017.11.17-21.34.25:081][638]LogEditorViewport: Clicking on Actor (LMB): Actor (Actor)
[2017.11.17-21.34.26:000][690]Cmd: DELETE
[2017.11.17-21.34.26:000][690]Cmd: ACTOR DELETE
[2017.11.17-21.34.26:002][690]LogEditorActor: Deleted Actor: Actor
[2017.11.17-21.34.26:022][690]LogEditorActor: Deleted 1 Actors (0.021 secs)
[2017.11.17-21.34.27:013][750]LogEditorViewport: Clicking on Actor (LMB): StaticMeshActor (Sphere)
[2017.11.17-21.34.51:288][163]LogEditorViewport: Clicking on Actor (LMB): StaticMeshActor (Floor)
[2017.11.17-21.35.04:251][936]LogEditorViewport: Clicking on Actor (LMB): StaticMeshActor (Sphere)
[2017.11.17-21.35.52:448][812]LogContentBrowser: Native class hierarchy updated for 'MaterialEditor' in 0.0010 seconds. Added 1 classes and 0 folders.
[2017.11.17-21.35.52:452][812]LogMaterial: Missing cached shader map for material BasicShapeMaterial, compiling. 
[2017.11.17-21.35.52:570][812]LogMaterial: Missing cached shader map for material BasicShapeMaterial, compiling. 
[2017.11.17-21.35.52:616][812]LogMaterial: Missing cached shader map for material FMatExpressionPreview MaterialExpressionVectorParameter_0, compiling. 
[2017.11.17-21.35.55:266][905]MaterialEditorStats: Base pass shader: 81 instructions
[2017.11.17-21.35.55:266][905]MaterialEditorStats: Vertex shader: 29 instructions
[2017.11.17-21.35.55:266][905]MaterialEditorStats: Texture samplers: 3/16
[2017.11.17-21.36.05:746][502]LogMaterial: Missing cached shader map for material BasicShapeMaterial, compiling. 
[2017.11.17-21.36.05:779][502]LogMaterial: Missing cached shader map for material BasicShapeMaterial, compiling. 
[2017.11.17-21.36.08:932][608]MaterialEditorStats: Base pass shader: 46 instructions
[2017.11.17-21.36.08:932][608]MaterialEditorStats: Vertex shader: 122 instructions
[2017.11.17-21.36.08:932][608]MaterialEditorStats: Texture samplers: 4/16
[2017.11.17-21.36.21:276][294]LogMaterial: Missing cached shader map for material BasicShapeMaterial, compiling. 
[2017.11.17-21.36.21:310][294]LogMaterial: Missing cached shader map for material BasicShapeMaterial, compiling. 
[2017.11.17-21.36.30:228][769]MaterialEditorStats: Base pass shader: 29 instructions
[2017.11.17-21.36.30:228][769]MaterialEditorStats: Vertex shader: 122 instructions
[2017.11.17-21.36.30:228][769]MaterialEditorStats: Texture samplers: 3/16
[2017.11.17-21.36.33:311][929]LogMaterial: Missing cached shader map for material BasicShapeMaterial, compiling. 
[2017.11.17-21.36.33:439][930]LogMaterial: Missing cached shader map for material Material_0, compiling. 
[2017.11.17-21.36.36:617][ 38]MaterialEditorStats: Base pass shader: 29 instructions
[2017.11.17-21.36.36:618][ 38]MaterialEditorStats: Vertex shader: 122 instructions
[2017.11.17-21.36.36:618][ 38]MaterialEditorStats: Texture samplers: 3/16
[2017.11.17-21.37.19:968][356]LogMaterialEditor: Saving and Compiling material BasicShapeMaterial
[2017.11.17-21.37.20:592][356]LogMaterial: Missing cached shader map for material BasicShapeMaterial, compiling. 
[2017.11.17-21.37.20:664][356]LogMaterial: Missing cached shader map for material BasicShapeMaterial, compiling. 
[2017.11.17-21.37.20:793][356]LogMaterial: Missing cached shader map for material BasicShapeMaterial, compiling. 
[2017.11.17-21.37.20:951][356]LogMaterial: Missing cached shader map for material FDebugViewModeMaterialProxy BasicShapeMaterial, compiling. 
[2017.11.17-21.37.23:104][356]TextureStreamingBuild: Display: Compiling optional shaders took 2.172 seconds.
[2017.11.17-21.37.31:760][356]LogSlate: Took 0.000216 seconds to synchronously load lazily loaded font '../../../Engine/Content/Slate/Fonts/Roboto-Regular.ttf' (155K)
[2017.11.17-21.37.31:798][356]Cmd: OBJ SAVEPACKAGE PACKAGE="/Engine/BasicShapes/BasicShapeMaterial" FILE="../../../Engine/Content/BasicShapes/BasicShapeMaterial.uasset" SILENT=true
[2017.11.17-21.37.31:829][356]LogSavePackage: Save=22.65ms
[2017.11.17-21.37.31:829][356]LogSavePackage: Moving '../../../../../VirturalRealityGreenspace/OpenCL_SMA/GPU_QAQC/Saved/BasicShapeMaterial02E4EC434F4351768239DE9117A108FF.tmp' to '../../../Engine/Content/BasicShapes/BasicShapeMaterial.uasset'
[2017.11.17-21.37.31:834][356]LogSavePackage: Display: Finished SavePackage ../../../Engine/Content/BasicShapes/BasicShapeMaterial.uasset
[2017.11.17-21.37.38:024][559]LogEditorViewport: Clicking on Actor (LMB): StaticMeshActor (Floor)
[2017.11.17-21.37.39:367][637]LogEditorViewport: Clicking on Actor (LMB): StaticMeshActor (Sphere)
[2017.11.17-21.37.43:614][889]LogEditorViewport: Clicking on Actor (LMB): StaticMeshActor (Sphere)
[2017.11.17-21.37.43:691][893]LogEditorViewport: Clicking on Component (LMB): StaticMeshComponent (StaticMeshComponent0)
[2017.11.17-21.37.44:900][964]LogEditorViewport: Clicking on Component (LMB): StaticMeshComponent (StaticMeshComponent0)
[2017.11.17-21.37.44:989][969]LogEditorViewport: Clicking on Actor (double click): StaticMeshActor (Sphere)
[2017.11.17-21.37.46:829][ 74]LogMaterial: Missing cached shader map for material PreviewMaterial_0, compiling. 
[2017.11.17-21.37.46:926][ 74]LogMaterial: Missing cached shader map for material PreviewMaterial_0, compiling. 
[2017.11.17-21.37.46:950][ 74]LogMaterial: Missing cached shader map for material PreviewMaterial_0, compiling. 
[2017.11.17-21.37.46:997][ 74]LogMaterial: Missing cached shader map for material FMatExpressionPreview MaterialExpressionVectorParameter_0, compiling. 
[2017.11.17-21.37.50:108][171]MaterialEditorStats: Base pass shader: 29 instructions
[2017.11.17-21.37.50:108][171]MaterialEditorStats: Vertex shader: 122 instructions
[2017.11.17-21.37.50:108][171]MaterialEditorStats: Texture samplers: 3/16
[2017.11.17-21.37.54:674][372]LogMaterial: Missing cached shader map for material PreviewMaterial_0, compiling. 
[2017.11.17-21.37.54:699][372]LogMaterial: Missing cached shader map for material FMatExpressionPreview MaterialExpressionVectorParameter_0, compiling. 
[2017.11.17-21.37.58:170][467]MaterialEditorStats: Base pass shader: 29 instructions
[2017.11.17-21.37.58:170][467]MaterialEditorStats: Vertex shader: 122 instructions
[2017.11.17-21.37.58:170][467]MaterialEditorStats: Texture samplers: 3/16
[2017.11.17-21.38.07:718][913]LogMaterial: Missing cached shader map for material PreviewMaterial_0, compiling. 
[2017.11.17-21.38.19:345][415]MaterialEditorStats: Base pass shader: 29 instructions
[2017.11.17-21.38.19:345][415]MaterialEditorStats: Vertex shader: 122 instructions
[2017.11.17-21.38.19:345][415]MaterialEditorStats: Texture samplers: 3/16
[2017.11.17-21.38.26:357][769]LogMaterial: Missing cached shader map for material PreviewMaterial_0, compiling. 
[2017.11.17-21.38.28:802][840]LogMaterial: Missing cached shader map for material PreviewMaterial_0, compiling. 
[2017.11.17-21.38.44:231][507]MaterialEditorStats: Base pass shader: 29 instructions
[2017.11.17-21.38.44:231][507]MaterialEditorStats: Vertex shader: 122 instructions
[2017.11.17-21.38.44:231][507]MaterialEditorStats: Texture samplers: 3/16
[2017.11.17-21.39.21:442][440]LogMaterial: Missing cached shader map for material PreviewMaterial_0, compiling. 
[2017.11.17-21.39.21:552][441]LogMaterial: Missing cached shader map for material Material_1, compiling. 
[2017.11.17-21.39.25:509][549]MaterialEditorStats: Base pass shader: 29 instructions
[2017.11.17-21.39.25:509][549]MaterialEditorStats: Vertex shader: 122 instructions
[2017.11.17-21.39.25:509][549]MaterialEditorStats: Texture samplers: 3/16
[2017.11.17-21.39.28:310][675]LogMaterial: Missing cached shader map for material PreviewMaterial_0, compiling. 
[2017.11.17-21.39.29:932][714]LogMaterial: Missing cached shader map for material Material_2, compiling. 
[2017.11.17-21.39.29:950][714]LogMaterial: Missing cached shader map for material PreviewMaterial_1, compiling. 
[2017.11.17-21.39.29:961][714]LogMaterial: Missing cached shader map for material Material_2, compiling. 
[2017.11.17-21.39.29:976][714]LogMaterial: Missing cached shader map for material PreviewMaterial_1, compiling. 
[2017.11.17-21.39.29:990][714]LogMaterial: Missing cached shader map for material Material_2, compiling. 
[2017.11.17-21.39.30:039][714]LogMaterial: Missing cached shader map for material FMatExpressionPreview MaterialExpressionFunctionOutput_12, compiling. 
[2017.11.17-21.39.30:052][714]LogMaterial: Missing cached shader map for material FMatExpressionPreview MaterialExpressionFunctionInput_2, compiling. 
[2017.11.17-21.39.30:062][714]LogMaterial: Missing cached shader map for material FMatExpressionPreview MaterialExpressionFunctionInput_3, compiling. 
[2017.11.17-21.39.32:078][767]MaterialEditorStats: Base pass shader: 33 instructions
[2017.11.17-21.39.32:079][767]MaterialEditorStats: Vertex shader: 122 instructions
[2017.11.17-21.39.32:079][767]MaterialEditorStats: Texture samplers: 3/16
[2017.11.17-21.39.35:532][890]LogMaterial: Missing cached shader map for material PreviewMaterial_1, compiling. 
[2017.11.17-21.39.35:539][890]LogMaterial: Missing cached shader map for material Material_2, compiling. 
[2017.11.17-21.39.35:553][890]LogMaterial: Missing cached shader map for material FMatExpressionPreview MaterialExpressionFunctionInput_2, compiling. 
[2017.11.17-21.39.42:597][ 60]LogMaterial: Missing cached shader map for material PreviewMaterial_1, compiling. 
[2017.11.17-21.39.42:598][ 60]LogMaterial: Warning: Failed to compile Material /Engine/Transient.PreviewMaterial_1 for platform PCD3D_SM5, Default Material will be used in game.
[2017.11.17-21.39.42:598][ 60]LogMaterial: Warning: 	(Node AppendVector) Missing AppendVector input A
[2017.11.17-21.39.42:601][ 60]LogMaterial: Missing cached shader map for material Material_2, compiling. 
[2017.11.17-21.39.42:606][ 60]MaterialEditorStats: Error: [SM5] (Node AppendVector) Missing AppendVector input A
[2017.11.17-21.39.51:433][235]LogEditorTransaction: Undo Material Editor: Delete
[2017.11.17-21.39.51:443][235]LogMaterial: Missing cached shader map for material Material_2, compiling. 
[2017.11.17-21.39.51:465][235]LogMaterial: Missing cached shader map for material PreviewMaterial_0, compiling. 
[2017.11.17-21.39.51:498][235]LogMaterial: Missing cached shader map for material PreviewMaterial_1, compiling. 
[2017.11.17-21.39.51:507][235]LogMaterial: Missing cached shader map for material Material_2, compiling. 
[2017.11.17-21.39.51:548][235]LogMaterial: Missing cached shader map for material FMatExpressionPreview MaterialExpressionFunctionInput_2, compiling. 
[2017.11.17-21.39.51:571][235]LogSlate: Took 0.000401 seconds to synchronously load lazily loaded font '../../../Engine/Content/Slate/Fonts/Roboto-Light.ttf' (159K)
[2017.11.17-21.39.51:664][236]LogEditorTransaction: Undo Modify Color Picker Value
[2017.11.17-21.39.51:688][236]LogMaterial: Missing cached shader map for material Material_2, compiling. 
[2017.11.17-21.39.51:709][236]LogMaterial: Missing cached shader map for material PreviewMaterial_0, compiling. 
[2017.11.17-21.39.51:755][236]LogMaterial: Missing cached shader map for material PreviewMaterial_1, compiling. 
[2017.11.17-21.39.51:767][236]LogMaterial: Missing cached shader map for material Material_2, compiling. 
[2017.11.17-21.39.51:793][236]LogMaterial: Missing cached shader map for material FMatExpressionPreview MaterialExpressionFunctionInput_2, compiling. 
[2017.11.17-21.39.51:944][237]LogEditorTransaction: Undo Create Pin Link
[2017.11.17-21.39.51:964][237]LogMaterial: Missing cached shader map for material PreviewMaterial_0, compiling. 
[2017.11.17-21.39.52:003][237]LogMaterial: Missing cached shader map for material PreviewMaterial_1, compiling. 
[2017.11.17-21.39.52:016][237]LogMaterial: Missing cached shader map for material Material_2, compiling. 
[2017.11.17-21.39.52:135][238]LogEditorTransaction: Undo Create Pin Link
[2017.11.17-21.39.52:174][238]LogMaterial: Missing cached shader map for material PreviewMaterial_0, compiling. 
[2017.11.17-21.39.52:214][238]LogMaterial: Missing cached shader map for material PreviewMaterial_1, compiling. 
[2017.11.17-21.39.52:229][238]LogMaterial: Missing cached shader map for material Material_2, compiling. 
[2017.11.17-21.39.52:247][238]LogEditorTransaction: Undo Create Pin Link
[2017.11.17-21.39.52:253][238]LogMaterial: Missing cached shader map for material PreviewMaterial_0, compiling. 
[2017.11.17-21.39.52:295][238]LogMaterial: Missing cached shader map for material PreviewMaterial_1, compiling. 
[2017.11.17-21.39.52:306][238]LogMaterial: Missing cached shader map for material Material_2, compiling. 
[2017.11.17-21.39.52:436][240]LogEditorTransaction: Undo Create Pin Link
[2017.11.17-21.39.52:483][240]LogMaterial: Missing cached shader map for material PreviewMaterial_0, compiling. 
[2017.11.17-21.39.52:535][240]LogMaterial: Missing cached shader map for material PreviewMaterial_0, compiling. 
[2017.11.17-21.39.52:581][240]LogMaterial: Missing cached shader map for material PreviewMaterial_1, compiling. 
[2017.11.17-21.39.52:592][240]LogMaterial: Missing cached shader map for material Material_2, compiling. 
[2017.11.17-21.39.52:695][241]LogEditorTransaction: Undo Create Pin Link
[2017.11.17-21.39.52:733][241]LogMaterial: Missing cached shader map for material PreviewMaterial_0, compiling. 
[2017.11.17-21.39.52:773][241]LogMaterial: Missing cached shader map for material PreviewMaterial_1, compiling. 
[2017.11.17-21.39.52:788][241]LogMaterial: Missing cached shader map for material Material_2, compiling. 
[2017.11.17-21.39.52:893][242]LogEditorTransaction: Undo Material Editor: New Function Call
[2017.11.17-21.39.52:932][242]LogMaterial: Missing cached shader map for material PreviewMaterial_0, compiling. 
[2017.11.17-21.39.52:974][242]LogMaterial: Missing cached shader map for material PreviewMaterial_0, compiling. 
[2017.11.17-21.39.53:015][242]LogMaterial: Missing cached shader map for material PreviewMaterial_1, compiling. 
[2017.11.17-21.39.53:024][242]LogMaterial: Missing cached shader map for material Material_2, compiling. 
[2017.11.17-21.39.53:244][246]LogEditorTransaction: Undo Material Editor: Delete
[2017.11.17-21.39.53:292][246]LogMaterial: Missing cached shader map for material PreviewMaterial_0, compiling. 
[2017.11.17-21.39.53:348][246]LogMaterial: Missing cached shader map for material PreviewMaterial_0, compiling. 
[2017.11.17-21.39.53:392][246]LogMaterial: Missing cached shader map for material PreviewMaterial_1, compiling. 
[2017.11.17-21.39.53:403][246]LogMaterial: Missing cached shader map for material Material_2, compiling. 
[2017.11.17-21.39.54:011][260]LogEditorTransaction: Undo Material Editor: New Expression
[2017.11.17-21.39.54:056][260]LogMaterial: Missing cached shader map for material PreviewMaterial_0, compiling. 
[2017.11.17-21.39.54:109][260]LogMaterial: Missing cached shader map for material PreviewMaterial_0, compiling. 
[2017.11.17-21.39.54:159][260]LogMaterial: Missing cached shader map for material PreviewMaterial_1, compiling. 
[2017.11.17-21.39.54:172][260]LogMaterial: Missing cached shader map for material Material_2, compiling. 
[2017.11.17-21.39.54:809][274]LogEditorTransaction: Undo Create Pin Link
[2017.11.17-21.39.54:854][274]LogMaterial: Missing cached shader map for material PreviewMaterial_0, compiling. 
[2017.11.17-21.39.54:901][274]LogMaterial: Missing cached shader map for material PreviewMaterial_1, compiling. 
[2017.11.17-21.39.54:912][274]LogMaterial: Missing cached shader map for material Material_2, compiling. 
[2017.11.17-21.39.55:178][279]LogEditorTransaction: Undo Material Editor: Delete
[2017.11.17-21.39.55:223][279]LogMaterial: Missing cached shader map for material PreviewMaterial_0, compiling. 
[2017.11.17-21.39.55:269][279]LogMaterial: Missing cached shader map for material PreviewMaterial_0, compiling. 
[2017.11.17-21.39.55:315][279]LogMaterial: Missing cached shader map for material PreviewMaterial_1, compiling. 
[2017.11.17-21.39.55:328][279]LogMaterial: Missing cached shader map for material Material_2, compiling. 
[2017.11.17-21.39.56:428][306]LogEditorTransaction: Undo Move Node
[2017.11.17-21.39.56:470][306]LogMaterial: Missing cached shader map for material PreviewMaterial_0, compiling. 
[2017.11.17-21.39.56:517][306]LogMaterial: Missing cached shader map for material PreviewMaterial_1, compiling. 
[2017.11.17-21.39.56:530][306]LogMaterial: Missing cached shader map for material Material_2, compiling. 
[2017.11.17-21.39.57:273][323]LogEditorTransaction: Undo Modify Color Picker Value
[2017.11.17-21.39.57:317][323]LogMaterial: Missing cached shader map for material PreviewMaterial_0, compiling. 
[2017.11.17-21.39.57:375][323]LogMaterial: Missing cached shader map for material PreviewMaterial_0, compiling. 
[2017.11.17-21.39.57:444][323]LogMaterial: Missing cached shader map for material FMatExpressionPreview MaterialExpressionVectorParameter_0, compiling. 
[2017.11.17-21.39.57:456][323]LogMaterial: Missing cached shader map for material PreviewMaterial_1, compiling. 
[2017.11.17-21.39.57:467][323]LogMaterial: Missing cached shader map for material Material_2, compiling. 
[2017.11.17-21.39.58:213][341]LogEditorTransaction: Undo Create Pin Link
[2017.11.17-21.39.58:261][341]LogMaterial: Missing cached shader map for material PreviewMaterial_0, compiling. 
[2017.11.17-21.39.58:307][341]LogMaterial: Missing cached shader map for material PreviewMaterial_1, compiling. 
[2017.11.17-21.39.58:319][341]LogMaterial: Missing cached shader map for material Material_2, compiling. 
[2017.11.17-21.39.59:032][359]LogEditorTransaction: Undo Clicking on Actors (double-click)
[2017.11.17-21.39.59:077][359]LogMaterial: Missing cached shader map for material PreviewMaterial_0, compiling. 
[2017.11.17-21.39.59:121][359]LogMaterial: Missing cached shader map for material PreviewMaterial_1, compiling. 
[2017.11.17-21.39.59:132][359]LogMaterial: Missing cached shader map for material Material_2, compiling. 
[2017.11.17-21.39.59:887][376]LogEditorTransaction: Undo Clicking on Components
[2017.11.17-21.39.59:930][376]LogMaterial: Missing cached shader map for material PreviewMaterial_0, compiling. 
[2017.11.17-21.39.59:973][376]LogMaterial: Missing cached shader map for material PreviewMaterial_1, compiling. 
[2017.11.17-21.39.59:986][376]LogMaterial: Missing cached shader map for material Material_2, compiling. 
[2017.11.17-21.40.00:903][398]LogEditorTransaction: Undo Clicking on Components
[2017.11.17-21.40.00:960][398]LogMaterial: Missing cached shader map for material PreviewMaterial_0, compiling. 
[2017.11.17-21.40.01:002][398]LogMaterial: Missing cached shader map for material PreviewMaterial_1, compiling. 
[2017.11.17-21.40.01:013][398]LogMaterial: Missing cached shader map for material Material_2, compiling. 
[2017.11.17-21.40.01:872][418]LogEditorTransaction: Undo Clicking on Actors
[2017.11.17-21.40.01:914][418]LogMaterial: Missing cached shader map for material PreviewMaterial_0, compiling. 
[2017.11.17-21.40.01:963][418]LogMaterial: Missing cached shader map for material PreviewMaterial_1, compiling. 
[2017.11.17-21.40.01:975][418]LogMaterial: Missing cached shader map for material Material_2, compiling. 
[2017.11.17-21.40.11:502][687]LogMaterial: Missing cached shader map for material PreviewMaterial_2, compiling. 
[2017.11.17-21.40.11:601][687]LogMaterial: Missing cached shader map for material PreviewMaterial_2, compiling. 
[2017.11.17-21.40.11:626][687]LogMaterial: Missing cached shader map for material PreviewMaterial_2, compiling. 
[2017.11.17-21.40.11:678][687]LogMaterial: Missing cached shader map for material FMatExpressionPreview MaterialExpressionVectorParameter_0, compiling. 
[2017.11.17-21.40.14:934][786]MaterialEditorStats: Base pass shader: 29 instructions
[2017.11.17-21.40.14:934][786]MaterialEditorStats: Vertex shader: 122 instructions
[2017.11.17-21.40.14:934][786]MaterialEditorStats: Texture samplers: 3/16
[2017.11.17-21.40.36:073][853]LogMaterial: Missing cached shader map for material PreviewMaterial_2, compiling. 
[2017.11.17-21.40.36:098][853]LogMaterial: Missing cached shader map for material PreviewMaterial_2, compiling. 
[2017.11.17-21.40.46:748][297]MaterialEditorStats: Base pass shader: 29 instructions
[2017.11.17-21.40.46:748][297]MaterialEditorStats: Vertex shader: 122 instructions
[2017.11.17-21.40.46:748][297]MaterialEditorStats: Texture samplers: 3/16
[2017.11.17-21.40.48:444][374]LogMaterial: Missing cached shader map for material PreviewMaterial_2, compiling. 
[2017.11.17-21.40.52:106][489]MaterialEditorStats: Base pass shader: 29 instructions
[2017.11.17-21.40.52:106][489]MaterialEditorStats: Vertex shader: 122 instructions
[2017.11.17-21.40.52:106][489]MaterialEditorStats: Texture samplers: 3/16
[2017.11.17-21.41.20:918][961]LogMaterial: Missing cached shader map for material PreviewMaterial_2, compiling. 
[2017.11.17-21.41.20:941][961]LogMaterial: Missing cached shader map for material PreviewMaterial_2, compiling. 
[2017.11.17-21.41.24:836][ 75]MaterialEditorStats: Base pass shader: 33 instructions
[2017.11.17-21.41.24:836][ 75]MaterialEditorStats: Vertex shader: 122 instructions
[2017.11.17-21.41.24:836][ 75]MaterialEditorStats: Texture samplers: 3/16
[2017.11.17-21.41.28:632][233]LogMaterial: Missing cached shader map for material FMatExpressionPreview MaterialExpressionScalarParameter_1, compiling. 
[2017.11.17-21.41.49:907][215]LogMaterial: Missing cached shader map for material PreviewMaterial_2, compiling. 
[2017.11.17-21.41.49:959][215]LogMaterial: Missing cached shader map for material FMatExpressionPreview MaterialExpressionScalarParameter_1, compiling. 
[2017.11.17-21.41.49:979][215]LogMaterial: Missing cached shader map for material PreviewMaterial_2, compiling. 
[2017.11.17-21.41.54:448][342]MaterialEditorStats: Base pass shader: 33 instructions
[2017.11.17-21.41.54:448][342]MaterialEditorStats: Vertex shader: 122 instructions
[2017.11.17-21.41.54:448][342]MaterialEditorStats: Texture samplers: 3/16
[2017.11.17-21.42.16:102][326]LogMaterial: Missing cached shader map for material PreviewMaterial_2, compiling. 
[2017.11.17-21.42.20:134][449]MaterialEditorStats: Base pass shader: 33 instructions
[2017.11.17-21.42.20:134][449]MaterialEditorStats: Vertex shader: 122 instructions
[2017.11.17-21.42.20:134][449]MaterialEditorStats: Texture samplers: 3/16
[2017.11.17-21.42.22:048][527]LogMaterial: Missing cached shader map for material PreviewMaterial_2, compiling. 
[2017.11.17-21.42.22:084][527]LogMaterial: Missing cached shader map for material FMatExpressionPreview MaterialExpressionVectorParameter_0, compiling. 
[2017.11.17-21.42.24:935][592]LogMaterial: Missing cached shader map for material PreviewMaterial_2, compiling. 
[2017.11.17-21.42.24:991][592]LogMaterial: Missing cached shader map for material FMatExpressionPreview MaterialExpressionVectorParameter_0, compiling. 
[2017.11.17-21.42.25:849][612]LogMaterial: Missing cached shader map for material PreviewMaterial_2, compiling. 
[2017.11.17-21.42.25:903][612]LogMaterial: Missing cached shader map for material FMatExpressionPreview MaterialExpressionVectorParameter_0, compiling. 
[2017.11.17-21.42.27:078][639]LogMaterial: Missing cached shader map for material PreviewMaterial_2, compiling. 
[2017.11.17-21.42.27:127][639]LogMaterial: Missing cached shader map for material FMatExpressionPreview MaterialExpressionVectorParameter_0, compiling. 
[2017.11.17-21.42.27:990][660]LogMaterial: Missing cached shader map for material PreviewMaterial_2, compiling. 
[2017.11.17-21.42.28:043][660]LogMaterial: Missing cached shader map for material FMatExpressionPreview MaterialExpressionVectorParameter_0, compiling. 
[2017.11.17-21.42.32:037][760]MaterialEditorStats: Base pass shader: 33 instructions
[2017.11.17-21.42.32:037][760]MaterialEditorStats: Vertex shader: 122 instructions
[2017.11.17-21.42.32:037][760]MaterialEditorStats: Texture samplers: 3/16
[2017.11.17-21.42.33:988][838]LogMaterial: Missing cached shader map for material PreviewMaterial_2, compiling. 
[2017.11.17-21.42.34:018][838]LogMaterial: Missing cached shader map for material FMatExpressionPreview MaterialExpressionVectorParameter_0, compiling. 
[2017.11.17-21.42.35:072][864]LogMaterial: Missing cached shader map for material PreviewMaterial_2, compiling. 
[2017.11.17-21.42.35:128][864]LogMaterial: Missing cached shader map for material FMatExpressionPreview MaterialExpressionVectorParameter_0, compiling. 
[2017.11.17-21.42.36:046][885]LogMaterial: Missing cached shader map for material PreviewMaterial_2, compiling. 
[2017.11.17-21.42.36:101][885]LogMaterial: Missing cached shader map for material FMatExpressionPreview MaterialExpressionVectorParameter_0, compiling. 
[2017.11.17-21.42.36:487][893]LogMaterial: Missing cached shader map for material PreviewMaterial_2, compiling. 
[2017.11.17-21.42.36:543][893]LogMaterial: Missing cached shader map for material FMatExpressionPreview MaterialExpressionVectorParameter_0, compiling. 
[2017.11.17-21.42.37:672][919]LogMaterial: Missing cached shader map for material PreviewMaterial_2, compiling. 
[2017.11.17-21.42.37:725][919]LogMaterial: Missing cached shader map for material FMatExpressionPreview MaterialExpressionVectorParameter_0, compiling. 
[2017.11.17-21.42.38:213][930]LogMaterial: Missing cached shader map for material PreviewMaterial_2, compiling. 
[2017.11.17-21.42.38:270][930]LogMaterial: Missing cached shader map for material FMatExpressionPreview MaterialExpressionVectorParameter_0, compiling. 
[2017.11.17-21.42.39:326][954]LogMaterial: Missing cached shader map for material PreviewMaterial_2, compiling. 
[2017.11.17-21.42.39:377][954]LogMaterial: Missing cached shader map for material FMatExpressionPreview MaterialExpressionVectorParameter_0, compiling. 
[2017.11.17-21.42.39:979][968]LogMaterial: Missing cached shader map for material PreviewMaterial_2, compiling. 
[2017.11.17-21.42.40:032][968]LogMaterial: Missing cached shader map for material FMatExpressionPreview MaterialExpressionVectorParameter_0, compiling. 
[2017.11.17-21.42.41:223][996]LogMaterial: Missing cached shader map for material PreviewMaterial_2, compiling. 
[2017.11.17-21.42.41:278][996]LogMaterial: Missing cached shader map for material FMatExpressionPreview MaterialExpressionVectorParameter_0, compiling. 
[2017.11.17-21.42.42:025][ 13]LogMaterial: Missing cached shader map for material PreviewMaterial_2, compiling. 
[2017.11.17-21.42.42:087][ 13]LogMaterial: Missing cached shader map for material FMatExpressionPreview MaterialExpressionVectorParameter_0, compiling. 
[2017.11.17-21.42.44:073][ 59]LogMaterial: Missing cached shader map for material PreviewMaterial_2, compiling. 
[2017.11.17-21.42.44:130][ 59]LogMaterial: Missing cached shader map for material FMatExpressionPreview MaterialExpressionVectorParameter_0, compiling. 
[2017.11.17-21.42.44:939][ 78]LogMaterial: Missing cached shader map for material PreviewMaterial_2, compiling. 
[2017.11.17-21.42.44:999][ 78]LogMaterial: Missing cached shader map for material FMatExpressionPreview MaterialExpressionVectorParameter_0, compiling. 
[2017.11.17-21.42.45:971][100]LogMaterial: Missing cached shader map for material PreviewMaterial_2, compiling. 
[2017.11.17-21.42.46:034][100]LogMaterial: Missing cached shader map for material FMatExpressionPreview MaterialExpressionVectorParameter_0, compiling. 
[2017.11.17-21.42.46:846][119]LogMaterial: Missing cached shader map for material PreviewMaterial_2, compiling. 
[2017.11.17-21.42.46:903][119]LogMaterial: Missing cached shader map for material FMatExpressionPreview MaterialExpressionVectorParameter_0, compiling. 
[2017.11.17-21.42.48:781][161]LogMaterial: Missing cached shader map for material PreviewMaterial_2, compiling. 
[2017.11.17-21.42.48:834][161]LogMaterial: Missing cached shader map for material FMatExpressionPreview MaterialExpressionVectorParameter_0, compiling. 
[2017.11.17-21.42.51:474][223]LogMaterial: Missing cached shader map for material PreviewMaterial_2, compiling. 
[2017.11.17-21.42.51:527][223]LogMaterial: Missing cached shader map for material FMatExpressionPreview MaterialExpressionVectorParameter_0, compiling. 
[2017.11.17-21.42.55:636][355]MaterialEditorStats: Base pass shader: 33 instructions
[2017.11.17-21.42.55:636][355]MaterialEditorStats: Vertex shader: 122 instructions
[2017.11.17-21.42.55:636][355]MaterialEditorStats: Texture samplers: 3/16
[2017.11.17-21.43.03:941][766]LogMaterial: Missing cached shader map for material PreviewMaterial_2, compiling. 
[2017.11.17-21.43.03:977][766]LogMaterial: Missing cached shader map for material PreviewMaterial_2, compiling. 
[2017.11.17-21.43.08:104][878]MaterialEditorStats: Base pass shader: 50 instructions
[2017.11.17-21.43.08:104][878]MaterialEditorStats: Vertex shader: 122 instructions
[2017.11.17-21.43.08:104][878]MaterialEditorStats: Texture samplers: 4/16
[2017.11.17-21.43.14:823][ 94]LogMaterial: Missing cached shader map for material PreviewMaterial_2, compiling. 
[2017.11.17-21.43.14:889][ 94]LogMaterial: Missing cached shader map for material BasicShapeMaterial, compiling. 
[2017.11.17-21.43.15:059][ 94]LogMaterial: Missing cached shader map for material BasicShapeMaterial, compiling. 
[2017.11.17-21.43.15:261][ 94]LogMaterial: Missing cached shader map for material FDebugViewModeMaterialProxy BasicShapeMaterial, compiling. 
[2017.11.17-21.43.17:288][ 94]TextureStreamingBuild: Display: Compiling optional shaders took 2.043 seconds.
[2017.11.17-21.43.19:270][196]LogEditorViewport: Clicking on Actor (LMB): StaticMeshActor (Floor)
[2017.11.17-21.43.20:271][249]LogEditorViewport: Clicking on Actor (LMB): BP_Sky_Sphere_C (Sky Sphere)
[2017.11.17-21.43.21:062][290]LogEditorViewport: Clicking on Actor (LMB): StaticMeshActor (Sphere)
[2017.11.17-21.43.23:115][387]LogMaterial: Missing cached shader map for material PreviewMaterial_3, compiling. 
[2017.11.17-21.43.23:323][387]LogMaterial: Missing cached shader map for material PreviewMaterial_3, compiling. 
[2017.11.17-21.43.23:372][387]LogMaterial: Missing cached shader map for material PreviewMaterial_3, compiling. 
[2017.11.17-21.43.23:450][387]LogMaterial: Missing cached shader map for material FMatExpressionPreview MaterialExpressionVectorParameter_0, compiling. 
[2017.11.17-21.43.27:984][502]LogMaterial: Missing cached shader map for material PreviewMaterial_3, compiling. 
[2017.11.17-21.43.28:038][502]LogMaterial: Missing cached shader map for material FMatExpressionPreview MaterialExpressionVectorParameter_0, compiling. 
[2017.11.17-21.43.28:532][513]LogMaterial: Missing cached shader map for material PreviewMaterial_3, compiling. 
[2017.11.17-21.43.28:582][513]LogMaterial: Missing cached shader map for material FMatExpressionPreview MaterialExpressionVectorParameter_0, compiling. 
[2017.11.17-21.43.29:532][536]LogMaterial: Missing cached shader map for material PreviewMaterial_3, compiling. 
[2017.11.17-21.43.29:586][536]LogMaterial: Missing cached shader map for material FMatExpressionPreview MaterialExpressionVectorParameter_0, compiling. 
[2017.11.17-21.43.31:337][575]LogMaterial: Missing cached shader map for material PreviewMaterial_3, compiling. 
[2017.11.17-21.43.31:392][575]LogMaterial: Missing cached shader map for material FMatExpressionPreview MaterialExpressionVectorParameter_0, compiling. 
[2017.11.17-21.43.32:427][600]LogMaterial: Missing cached shader map for material PreviewMaterial_3, compiling. 
[2017.11.17-21.43.32:489][600]LogMaterial: Missing cached shader map for material FMatExpressionPreview MaterialExpressionVectorParameter_0, compiling. 
[2017.11.17-21.43.36:357][720]MaterialEditorStats: Base pass shader: 50 instructions
[2017.11.17-21.43.36:357][720]MaterialEditorStats: Vertex shader: 122 instructions
[2017.11.17-21.43.36:357][720]MaterialEditorStats: Texture samplers: 4/16
[2017.11.17-21.43.38:868][810]LogMaterialEditor: Saving and Compiling material BasicShapeMaterial
[2017.11.17-21.43.39:773][810]LogMaterial: Missing cached shader map for material PreviewMaterial_3, compiling. 
[2017.11.17-21.43.39:876][810]LogMaterial: Missing cached shader map for material BasicShapeMaterial, compiling. 
[2017.11.17-21.43.40:048][810]LogMaterial: Missing cached shader map for material BasicShapeMaterial, compiling. 
[2017.11.17-21.43.40:215][810]LogMaterial: Missing cached shader map for material FDebugViewModeMaterialProxy BasicShapeMaterial, compiling. 
[2017.11.17-21.43.42:578][810]TextureStreamingBuild: Display: Compiling optional shaders took 2.380 seconds.
[2017.11.17-21.43.52:183][810]Cmd: OBJ SAVEPACKAGE PACKAGE="/Engine/BasicShapes/BasicShapeMaterial" FILE="../../../Engine/Content/BasicShapes/BasicShapeMaterial.uasset" SILENT=true
[2017.11.17-21.43.52:216][810]LogSavePackage: Save=21.84ms
[2017.11.17-21.43.52:216][810]LogSavePackage: Moving '../../../../../VirturalRealityGreenspace/OpenCL_SMA/GPU_QAQC/Saved/BasicShapeMaterial5C220EA44DB174C176EE979FC55C3247.tmp' to '../../../Engine/Content/BasicShapes/BasicShapeMaterial.uasset'
[2017.11.17-21.43.52:223][810]LogSavePackage: Display: Finished SavePackage ../../../Engine/Content/BasicShapes/BasicShapeMaterial.uasset
[2017.11.17-21.43.55:646][821]Cmd: OBJ SAVEPACKAGE PACKAGE="/Temp/Untitled_1" FILE="../../../../../VirturalRealityGreenspace/OpenCL_SMA/GPU_QAQC/Saved/Autosaves/Temp/Untitled_1_Auto1.umap" SILENT=true AUTOSAVING=true KEEPDIRTY=false
[2017.11.17-21.43.55:688][821]LogSavePackage: Save=42.00ms
[2017.11.17-21.43.55:688][821]LogSavePackage: Moving '../../../../../VirturalRealityGreenspace/OpenCL_SMA/GPU_QAQC/Saved/Untitled_1_Auto19B76D344410AE96EB6F895B23073059F.tmp' to '../../../../../VirturalRealityGreenspace/OpenCL_SMA/GPU_QAQC/Saved/Autosaves/Temp/Untitled_1_Auto1.umap'
[2017.11.17-21.43.55:689][821]LogSavePackage: Display: Finished SavePackage ../../../../../VirturalRealityGreenspace/OpenCL_SMA/GPU_QAQC/Saved/Autosaves/Temp/Untitled_1_Auto1.umap
[2017.11.17-21.43.55:695][821]LogFileHelpers: Editor autosave (incl. sublevels) for '/Temp/Untitled_1' took 0.070
[2017.11.17-21.43.55:695][821]LogFileHelpers: Editor autosave (incl. sublevels) for all levels took 0.070
[2017.11.17-21.43.55:698][821]OBJ SavePackage: Generating thumbnails for [0] asset(s) in package [/Game/PrototypeEllipsoid] ([1] browsable assets)...
[2017.11.17-21.43.55:698][821]OBJ SavePackage: Finished generating thumbnails for package [/Game/PrototypeEllipsoid]
[2017.11.17-21.43.55:710][821]LogSavePackage: Save=10.14ms
[2017.11.17-21.43.55:710][821]LogSavePackage: Moving '../../../../../VirturalRealityGreenspace/OpenCL_SMA/GPU_QAQC/Saved/PrototypeEllipsoid_Auto1D5C03C004575E565A7CB0688EC825030.tmp' to '../../../../../VirturalRealityGreenspace/OpenCL_SMA/GPU_QAQC/Saved/Autosaves/Game/PrototypeEllipsoid_Auto1.uasset'
[2017.11.17-21.43.55:711][821]LogSavePackage: Display: Finished SavePackage ../../../../../VirturalRealityGreenspace/OpenCL_SMA/GPU_QAQC/Saved/Autosaves/Game/PrototypeEllipsoid_Auto1.uasset
[2017.11.17-21.43.55:711][821]LogFileHelpers: Auto-saving content packages took 0.014
[2017.11.17-21.44.08:404][943]LogEditorViewport: Clicking on Actor (LMB): StaticMeshActor (Floor)
[2017.11.17-21.44.09:206][987]LogEditorViewport: Clicking on Actor (LMB): StaticMeshActor (Sphere)
[2017.11.17-21.44.13:884][261]LogEditorViewport: Clicking on Actor (LMB): StaticMeshActor (Floor)
[2017.11.17-21.44.28:135][113]LogEditorViewport: Clicking on Actor (LMB): StaticMeshActor (Sphere)
[2017.11.17-21.44.45:094][118]LogEditorViewport: Clicking on Actor (LMB): StaticMeshActor (Floor)
[2017.11.17-21.44.59:638][988]LogEditorViewport: Clicking on Actor (LMB): StaticMeshActor (Sphere)
[2017.11.17-21.45.00:150][ 14]LogEditorViewport: Clicking on Actor (LMB): StaticMeshActor (Floor)
[2017.11.17-21.45.00:811][ 49]LogEditorViewport: Clicking on Actor (LMB): StaticMeshActor (Sphere)
[2017.11.17-21.45.01:304][ 74]LogEditorViewport: Clicking on Actor (LMB): StaticMeshActor (Floor)
[2017.11.17-21.45.09:086][533]LogEditorViewport: Clicking on Actor (LMB): StaticMeshActor (Sphere)
[2017.11.17-21.45.38:469][263]LogEditorViewport: Clicking on Actor (LMB): StaticMeshActor (Floor)
[2017.11.17-21.45.39:625][330]LogEditorViewport: Clicking on Actor (LMB): StaticMeshActor (Sphere)
[2017.11.17-21.45.40:093][356]LogEditorViewport: Clicking on Actor (LMB): StaticMeshActor (Floor)
[2017.11.17-21.45.41:428][434]LogEditorViewport: Clicking on Actor (LMB): BP_Sky_Sphere_C (Sky Sphere)
[2017.11.17-21.45.42:358][488]LogEditorViewport: Clicking on Actor (LMB): StaticMeshActor (Sphere)
[2017.11.17-21.45.43:053][527]LogEditorViewport: Clicking on Actor (LMB): StaticMeshActor (Floor)
[2017.11.17-21.45.43:904][576]LogEditorViewport: Clicking on Actor (LMB): StaticMeshActor (Sphere)
[2017.11.17-21.46.01:151][561]LogEditorViewport: Clicking on Actor (LMB): StaticMeshActor (Floor)
[2017.11.17-21.46.28:385][615]LogEditorViewport: Clicking on Actor (LMB): StaticMeshActor (Floor)
[2017.11.17-21.46.29:410][675]LogEditorViewport: Clicking on Actor (LMB): StaticMeshActor (Sphere)
[2017.11.17-21.46.51:422][986]LogEditorViewport: Clicking on Actor (LMB): StaticMeshActor (Floor)
[2017.11.17-21.53.57:725][540]Cmd: OBJ SAVEPACKAGE PACKAGE="/Temp/Untitled_1" FILE="../../../../../VirturalRealityGreenspace/OpenCL_SMA/GPU_QAQC/Saved/Autosaves/Temp/Untitled_1_Auto2.umap" SILENT=true AUTOSAVING=true KEEPDIRTY=false
[2017.11.17-21.53.57:753][540]LogSavePackage: Save=27.31ms
[2017.11.17-21.53.57:753][540]LogSavePackage: Moving '../../../../../VirturalRealityGreenspace/OpenCL_SMA/GPU_QAQC/Saved/Untitled_1_Auto2CC812747423EC8A3E0F0FA9E30AC3DF6.tmp' to '../../../../../VirturalRealityGreenspace/OpenCL_SMA/GPU_QAQC/Saved/Autosaves/Temp/Untitled_1_Auto2.umap'
[2017.11.17-21.53.57:754][540]LogSavePackage: Display: Finished SavePackage ../../../../../VirturalRealityGreenspace/OpenCL_SMA/GPU_QAQC/Saved/Autosaves/Temp/Untitled_1_Auto2.umap
[2017.11.17-21.53.57:759][540]LogFileHelpers: Editor autosave (incl. sublevels) for '/Temp/Untitled_1' took 0.052
[2017.11.17-21.53.57:759][540]LogFileHelpers: Editor autosave (incl. sublevels) for all levels took 0.052
[2017.11.17-21.55.23:712][964]Cmd: OBJ SAVEPACKAGE PACKAGE="/Game/PrototypeEllipsoid" FILE="../../../../../VirturalRealityGreenspace/OpenCL_SMA/GPU_QAQC/Content/PrototypeEllipsoid.uasset" SILENT=true
[2017.11.17-21.55.23:731][964]LogSavePackage: Save=11.29ms
[2017.11.17-21.55.23:731][964]LogSavePackage: Moving '../../../../../VirturalRealityGreenspace/OpenCL_SMA/GPU_QAQC/Saved/PrototypeEllipsoidA4A16A2C48BB057762B1A296AB6AFB52.tmp' to '../../../../../VirturalRealityGreenspace/OpenCL_SMA/GPU_QAQC/Content/PrototypeEllipsoid.uasset'
[2017.11.17-21.55.23:735][964]LogSavePackage: Display: Finished SavePackage ../../../../../VirturalRealityGreenspace/OpenCL_SMA/GPU_QAQC/Content/PrototypeEllipsoid.uasset
[2017.11.17-21.55.38:550][964]Cmd: OBJ SAVEPACKAGE PACKAGE="/Game/PrototypeSphere" FILE="../../../../../VirturalRealityGreenspace/OpenCL_SMA/GPU_QAQC/Content/PrototypeSphere.umap" SILENT=true AUTOSAVING=false KEEPDIRTY=false
[2017.11.17-21.55.38:592][964]LogSavePackage: Save=25.77ms
[2017.11.17-21.55.38:592][964]LogSavePackage: Moving '../../../../../VirturalRealityGreenspace/OpenCL_SMA/GPU_QAQC/Saved/PrototypeSphereC1AA73A34FE8EA9B6B8ACC951AE206D7.tmp' to '../../../../../VirturalRealityGreenspace/OpenCL_SMA/GPU_QAQC/Content/PrototypeSphere.umap'
[2017.11.17-21.55.38:596][964]LogSavePackage: Display: Finished SavePackage ../../../../../VirturalRealityGreenspace/OpenCL_SMA/GPU_QAQC/Content/PrototypeSphere.umap
[2017.11.17-21.55.38:621][964]LogFileHelpers: Saving map 'PrototypeSphere' took 1.033
[2017.11.17-21.55.38:676][964]LogWindowsTextInputMethodSystem: Display: IME system now deactivated.
[2017.11.17-21.55.38:858][965]Cmd: QUIT_EDITOR
[2017.11.17-21.55.38:893][965]LogExit: Preparing to exit.
[2017.11.17-21.55.39:790][965]LogDirectoryWatcher: A directory notification for 'D:/VirturalRealityGreenspace/OpenCL_SMA/GPU_QAQC/Content/' was aborted.
[2017.11.17-21.55.39:818][965]LogExit: Editor shut down
[2017.11.17-21.55.39:828][965]LogExit: Transaction tracking system shut down
[2017.11.17-21.55.39:998][965]LogDirectoryWatcher: A directory notification for '../../../Engine/Content/' was aborted.
[2017.11.17-21.55.39:998][965]LogDirectoryWatcher: A directory notification for '../../../../../VirturalRealityGreenspace/OpenCL_SMA/GPU_QAQC/Content/' was aborted.
[2017.11.17-21.55.39:998][965]LogDirectoryWatcher: A directory notification for '../../../Engine/Plugins/2D/Paper2D/Content/' was aborted.
[2017.11.17-21.55.39:998][965]LogDirectoryWatcher: A directory notification for '../../../Engine/Plugins/Runtime/Oculus/OculusVR/Content/' was aborted.
[2017.11.17-21.55.39:998][965]LogDirectoryWatcher: A directory notification for '../../../Engine/Plugins/Runtime/Steam/SteamVR/Content/' was aborted.
[2017.11.17-21.55.40:091][965]LogExit: Object subsystem successfully closed.
[2017.11.17-21.55.40:121][965]LogD3D11RHI: Shutdown
[2017.11.17-21.55.40:121][965]LogD3D11RHI: CleanupD3DDevice
[2017.11.17-21.55.40:225][965]LogD3D11RHI: ~FD3D11DynamicRHI
[2017.11.17-21.55.40:243][965]LogModuleManager: Shutting down and abandoning module MaterialEditor (536)
[2017.11.17-21.55.40:243][965]LogModuleManager: Shutting down and abandoning module BlueprintGraph (534)
[2017.11.17-21.55.40:243][965]LogModuleManager: Shutting down and abandoning module BlueprintProfiler (532)
[2017.11.17-21.55.40:243][965]LogModuleManager: Shutting down and abandoning module HierarchicalLODOutliner (530)
[2017.11.17-21.55.40:243][965]LogModuleManager: Shutting down and abandoning module SceneOutliner (528)
[2017.11.17-21.55.40:243][965]LogModuleManager: Shutting down and abandoning module AddContentDialog (526)
[2017.11.17-21.55.40:243][965]LogDirectoryWatcher: A directory notification for 'D:/UnrealEngine/UE_4.17/FeaturePacks/' was aborted.
[2017.11.17-21.55.40:244][965]LogModuleManager: Shutting down and abandoning module WidgetCarousel (525)
[2017.11.17-21.55.40:244][965]LogModuleManager: Shutting down and abandoning module EditorWidgets (522)
[2017.11.17-21.55.40:244][965]LogModuleManager: Shutting down and abandoning module CollectionManager (520)
[2017.11.17-21.55.40:245][965]LogDirectoryWatcher: A directory notification for 'D:/VirturalRealityGreenspace/OpenCL_SMA/GPU_QAQC/Content/Collections/' was aborted.
[2017.11.17-21.55.40:245][965]LogDirectoryWatcher: A directory notification for 'D:/VirturalRealityGreenspace/OpenCL_SMA/GPU_QAQC/Content/Developers/User/Collections/' was aborted.
[2017.11.17-21.55.40:245][965]LogDirectoryWatcher: A directory notification for 'D:/VirturalRealityGreenspace/OpenCL_SMA/GPU_QAQC/Saved/Collections/' was aborted.
[2017.11.17-21.55.40:245][965]LogModuleManager: Shutting down and abandoning module StatsViewer (518)
[2017.11.17-21.55.40:245][965]LogModuleManager: Shutting down and abandoning module FoliageEdit (516)
[2017.11.17-21.55.40:245][965]LogModuleManager: Shutting down and abandoning module LandscapeEditor (514)
[2017.11.17-21.55.40:245][965]LogModuleManager: Shutting down and abandoning module MeshPaintMode (512)
[2017.11.17-21.55.40:245][965]LogModuleManager: Shutting down and abandoning module SceneDepthPickerMode (510)
[2017.11.17-21.55.40:245][965]LogModuleManager: Shutting down and abandoning module ActorPickerMode (508)
[2017.11.17-21.55.40:245][965]LogModuleManager: Shutting down and abandoning module GeometryMode (506)
[2017.11.17-21.55.40:245][965]LogModuleManager: Shutting down and abandoning module TextureAlignMode (504)
[2017.11.17-21.55.40:245][965]LogModuleManager: Shutting down and abandoning module BspMode (502)
[2017.11.17-21.55.40:245][965]LogModuleManager: Shutting down and abandoning module PIEPreviewDeviceProfileSelector (500)
[2017.11.17-21.55.40:245][965]LogModuleManager: Shutting down and abandoning module HardwareSurvey (498)
[2017.11.17-21.55.40:245][965]LogModuleManager: Shutting down and abandoning module SequenceRecorderSections (496)
[2017.11.17-21.55.40:245][965]LogModuleManager: Shutting down and abandoning module AutomationWorker (494)
[2017.11.17-21.55.40:245][965]LogModuleManager: Shutting down and abandoning module MatineeToLevelSequence (492)
[2017.11.17-21.55.40:245][965]LogModuleManager: Shutting down and abandoning module LevelSequenceEditor (490)
[2017.11.17-21.55.40:246][965]LogModuleManager: Shutting down and abandoning module PlacementMode (489)
[2017.11.17-21.55.40:246][965]LogModuleManager: Shutting down and abandoning module WmfMediaFactory (486)
[2017.11.17-21.55.40:246][965]LogModuleManager: Shutting down and abandoning module WmfMediaEditor (484)
[2017.11.17-21.55.40:246][965]LogModuleManager: Shutting down and abandoning module AvfMediaFactory (482)
[2017.11.17-21.55.40:246][965]LogModuleManager: Shutting down and abandoning module AvfMediaEditor (480)
[2017.11.17-21.55.40:246][965]LogModuleManager: Shutting down and abandoning module AndroidMediaFactory (478)
[2017.11.17-21.55.40:246][965]LogModuleManager: Shutting down and abandoning module Media (477)
[2017.11.17-21.55.40:246][965]LogModuleManager: Shutting down and abandoning module AndroidMediaEditor (474)
[2017.11.17-21.55.40:246][965]LogModuleManager: Shutting down and abandoning module CharacterAI (472)
[2017.11.17-21.55.40:246][965]LogModuleManager: Shutting down and abandoning module AudioCapture (470)
[2017.11.17-21.55.40:246][965]LogModuleManager: Shutting down and abandoning module SequenceRecorder (469)
[2017.11.17-21.55.40:246][965]LogModuleManager: Shutting down and abandoning module SmartSnapping (466)
[2017.11.17-21.55.40:246][965]LogModuleManager: Shutting down and abandoning module SessionServices (464)
[2017.11.17-21.55.40:246][965]LogModuleManager: Shutting down and abandoning module ViewportSnapping (462)
[2017.11.17-21.55.40:246][965]LogModuleManager: Shutting down and abandoning module ViewportInteraction (460)
[2017.11.17-21.55.40:246][965]LogModuleManager: Shutting down and abandoning module ClothPainter (458)
[2017.11.17-21.55.40:247][965]LogModuleManager: Shutting down and abandoning module LogVisualizer (456)
[2017.11.17-21.55.40:247][965]LogModuleManager: Shutting down and abandoning module IntroTutorials (454)
[2017.11.17-21.55.40:247][965]LogModuleManager: Shutting down and abandoning module GameProjectGeneration (453)
[2017.11.17-21.55.40:247][965]LogModuleManager: Shutting down and abandoning module IOSPlatformEditor (450)
[2017.11.17-21.55.40:247][965]LogModuleManager: Shutting down and abandoning module HTML5PlatformEditor (448)
[2017.11.17-21.55.40:247][965]LogModuleManager: Shutting down and abandoning module AndroidPlatformEditor (446)
[2017.11.17-21.55.40:247][965]LogModuleManager: Shutting down and abandoning module AndroidDeviceDetection (445)
[2017.11.17-21.55.40:898][965]LogModuleManager: Shutting down and abandoning module WindowsPlatformEditor (442)
[2017.11.17-21.55.40:898][965]LogModuleManager: Shutting down and abandoning module IOSRuntimeSettings (440)
[2017.11.17-21.55.40:898][965]LogModuleManager: Shutting down and abandoning module AndroidRuntimeSettings (438)
[2017.11.17-21.55.40:898][965]LogModuleManager: Shutting down and abandoning module InputBindingEditor (436)
[2017.11.17-21.55.40:899][965]LogModuleManager: Shutting down and abandoning module MergeActors (434)
[2017.11.17-21.55.40:900][965]LogModuleManager: Shutting down and abandoning module SizeMap (432)
[2017.11.17-21.55.40:900][965]LogModuleManager: Shutting down and abandoning module TreeMap (430)
[2017.11.17-21.55.40:900][965]LogModuleManager: Shutting down and abandoning module ReferenceViewer (428)
[2017.11.17-21.55.40:900][965]LogModuleManager: Shutting down and abandoning module LocalizationDashboard (426)
[2017.11.17-21.55.40:900][965]LogModuleManager: Shutting down and abandoning module LocalizationService (425)
[2017.11.17-21.55.40:900][965]LogModuleManager: Shutting down and abandoning module HardwareTargeting (422)
[2017.11.17-21.55.40:900][965]LogModuleManager: Shutting down and abandoning module DeviceProfileEditor (420)
[2017.11.17-21.55.40:900][965]LogModuleManager: Shutting down and abandoning module UndoHistory (418)
[2017.11.17-21.55.40:900][965]LogModuleManager: Shutting down and abandoning module XmlParser (416)
[2017.11.17-21.55.40:900][965]LogModuleManager: Shutting down and abandoning module Blutility (414)
[2017.11.17-21.55.40:900][965]LogModuleManager: Shutting down and abandoning module ProjectSettingsViewer (412)
[2017.11.17-21.55.40:900][965]LogModuleManager: Shutting down and abandoning module ProjectTargetPlatformEditor (411)
[2017.11.17-21.55.40:900][965]LogModuleManager: Shutting down and abandoning module EditorSettingsViewer (408)
[2017.11.17-21.55.40:900][965]LogModuleManager: Shutting down and abandoning module SettingsEditor (406)
[2017.11.17-21.55.40:900][965]LogModuleManager: Shutting down and abandoning module ProjectLauncher (404)
[2017.11.17-21.55.40:900][965]LogModuleManager: Shutting down and abandoning module SessionFrontend (402)
[2017.11.17-21.55.40:901][965]LogModuleManager: Shutting down and abandoning module ProfilerClient (400)
[2017.11.17-21.55.40:901][965]LogModuleManager: Shutting down and abandoning module DeviceManager (398)
[2017.11.17-21.55.40:901][965]LogModuleManager: Shutting down and abandoning module TargetDeviceServices (397)
[2017.11.17-21.55.40:967][965]LogModuleManager: Shutting down and abandoning module AutomationController (394)
[2017.11.17-21.55.40:968][965]LogModuleManager: Shutting down and abandoning module AutomationWindow (392)
[2017.11.17-21.55.40:968][965]LogModuleManager: Shutting down and abandoning module Layers (390)
[2017.11.17-21.55.40:968][965]LogModuleManager: Shutting down and abandoning module ComponentVisualizers (388)
[2017.11.17-21.55.40:969][965]LogModuleManager: Shutting down and abandoning module DetailCustomizations (386)
[2017.11.17-21.55.40:969][965]LogModuleManager: Shutting down and abandoning module PackagesDialog (384)
[2017.11.17-21.55.40:969][965]LogModuleManager: Shutting down and abandoning module Persona (382)
[2017.11.17-21.55.40:969][965]LogModuleManager: Shutting down and abandoning module AdvancedPreviewScene (381)
[2017.11.17-21.55.40:969][965]LogModuleManager: Shutting down and abandoning module AnimGraph (379)
[2017.11.17-21.55.40:969][965]LogModuleManager: Shutting down and abandoning module Kismet (376)
[2017.11.17-21.55.40:976][965]LogModuleManager: Shutting down and abandoning module ClassViewer (374)
[2017.11.17-21.55.40:977][965]LogModuleManager: Shutting down and abandoning module Toolbox (372)
[2017.11.17-21.55.40:977][965]LogModuleManager: Shutting down and abandoning module ModuleUI (370)
[2017.11.17-21.55.40:977][965]LogModuleManager: Shutting down and abandoning module MovieSceneTools (368)
[2017.11.17-21.55.40:977][965]LogModuleManager: Shutting down and abandoning module OutputLog (366)
[2017.11.17-21.55.40:977][965]LogModuleManager: Shutting down and abandoning module GammaUI (364)
[2017.11.17-21.55.40:978][965]LogModuleManager: Shutting down and abandoning module Documentation (362)
[2017.11.17-21.55.40:978][965]LogModuleManager: Shutting down and abandoning module MovieSceneTracks (360)
[2017.11.17-21.55.40:978][965]LogModuleManager: Shutting down and abandoning module MovieScene (358)
[2017.11.17-21.55.40:978][965]LogModuleManager: Shutting down and abandoning module Niagara (356)
[2017.11.17-21.55.40:978][965]LogModuleManager: Shutting down and abandoning module NiagaraEditor (355)
[2017.11.17-21.55.40:979][965]LogModuleManager: Shutting down and abandoning module StreamingPauseRendering (352)
[2017.11.17-21.55.40:979][965]LogModuleManager: Shutting down and abandoning module LauncherPlatform (350)
[2017.11.17-21.55.40:979][965]LogModuleManager: Shutting down and abandoning module AnalyticsET (348)
[2017.11.17-21.55.40:979][965]LogModuleManager: Shutting down and abandoning module PortalServices (346)
[2017.11.17-21.55.40:979][965]LogModuleManager: Shutting down and abandoning module PortalRpc (344)
[2017.11.17-21.55.40:979][965]LogModuleManager: Shutting down and abandoning module MessagingRpc (342)
[2017.11.17-21.55.40:979][965]LogModuleManager: Shutting down and abandoning module AIModule (340)
[2017.11.17-21.55.40:979][965]LogModuleManager: Shutting down and abandoning module GameplayDebugger (339)
[2017.11.17-21.55.40:979][965]LogModuleManager: Shutting down and abandoning module AITestSuite (337)
[2017.11.17-21.55.40:979][965]LogModuleManager: Shutting down and abandoning module ProfilerService (334)
[2017.11.17-21.55.41:069][965]LogModuleManager: Shutting down and abandoning module TaskGraph (332)
[2017.11.17-21.55.41:071][965]LogModuleManager: Shutting down and abandoning module SteamVRController (330)
[2017.11.17-21.55.41:071][965]LogModuleManager: Shutting down and abandoning module ProceduralMeshComponentEditor (328)
[2017.11.17-21.55.41:071][965]LogModuleManager: Shutting down and abandoning module ProceduralMeshComponent (326)
[2017.11.17-21.55.41:071][965]LogModuleManager: Shutting down and abandoning module OculusInput (324)
[2017.11.17-21.55.41:071][965]LogModuleManager: Shutting down and abandoning module MobilePatchingUtils (322)
[2017.11.17-21.55.41:071][965]LogModuleManager: Shutting down and abandoning module CustomMeshComponent (320)
[2017.11.17-21.55.41:071][965]LogModuleManager: Shutting down and abandoning module CableComponent (318)
[2017.11.17-21.55.41:071][965]LogModuleManager: Shutting down and abandoning module ArchVisCharacter (316)
[2017.11.17-21.55.41:071][965]LogModuleManager: Shutting down and abandoning module AndroidPermission (314)
[2017.11.17-21.55.41:071][965]LogModuleManager: Shutting down and abandoning module MediaPlayerEditor (310)
[2017.11.17-21.55.41:072][965]LogModuleManager: Shutting down and abandoning module HTML5Networking (308)
[2017.11.17-21.55.41:072][965]LogModuleManager: Shutting down and abandoning module AlembicImporter (306)
[2017.11.17-21.55.41:072][965]LogModuleManager: Shutting down and abandoning module AlembicLibrary (305)
[2017.11.17-21.55.41:072][965]LogModuleManager: Shutting down and abandoning module GeometryCache (304)
[2017.11.17-21.55.41:072][965]LogModuleManager: Shutting down and abandoning module GeometryCacheEd (303)
[2017.11.17-21.55.41:072][965]LogModuleManager: Shutting down and abandoning module SpeedTreeImporter (298)
[2017.11.17-21.55.41:072][965]LogModuleManager: Shutting down and abandoning module PluginBrowser (296)
[2017.11.17-21.55.41:073][965]LogModuleManager: Shutting down and abandoning module MobileLauncherProfileWizard (294)
[2017.11.17-21.55.41:073][965]LogModuleManager: Shutting down and abandoning module VisualStudioSourceCodeAccess (292)
[2017.11.17-21.55.41:073][965]LogModuleManager: Shutting down and abandoning module DesktopPlatform (291)
[2017.11.17-21.55.41:073][965]LogModuleManager: Shutting down and abandoning module UObjectPlugin (288)
[2017.11.17-21.55.41:073][965]LogModuleManager: Shutting down and abandoning module SubversionSourceControl (286)
[2017.11.17-21.55.41:073][965]LogModuleManager: Shutting down and abandoning module PerforceSourceControl (284)
[2017.11.17-21.55.41:074][965]LogModuleManager: Shutting down and abandoning module GitSourceControl (282)
[2017.11.17-21.55.41:075][965]LogModuleManager: Shutting down and abandoning module SourceControl (281)
[2017.11.17-21.55.41:075][965]LogModuleManager: Shutting down and abandoning module LightPropagationVolumeEditor (278)
[2017.11.17-21.55.41:075][965]LogModuleManager: Shutting down and abandoning module PaperTiledImporter (276)
[2017.11.17-21.55.41:075][965]LogModuleManager: Shutting down and abandoning module PaperSpriteSheetImporter (274)
[2017.11.17-21.55.41:075][965]LogModuleManager: Shutting down and abandoning module Paper2DEditor (272)
[2017.11.17-21.55.41:075][965]LogModuleManager: Shutting down and abandoning module MeshPaint (271)
[2017.11.17-21.55.41:075][965]LogModuleManager: Shutting down and abandoning module LevelEditor (269)
[2017.11.17-21.55.41:076][965]LogModuleManager: Shutting down and abandoning module PixelInspectorModule (268)
[2017.11.17-21.55.41:076][965]LogModuleManager: Shutting down and abandoning module MainFrame (266)
[2017.11.17-21.55.41:076][965]LogModuleManager: Shutting down and abandoning module HotReload (265)
[2017.11.17-21.55.41:077][965]LogModuleManager: Shutting down and abandoning module RuntimePhysXCooking (260)
[2017.11.17-21.55.41:077][965]LogModuleManager: Shutting down and abandoning module PhysXVehiclesEditor (258)
[2017.11.17-21.55.41:077][965]LogModuleManager: Shutting down and abandoning module PhysXVehicles (256)
[2017.11.17-21.55.41:077][965]LogModuleManager: Shutting down and abandoning module OculusEditor (254)
[2017.11.17-21.55.41:077][965]LogModuleManager: Shutting down and abandoning module LocationServicesBPLibrary (252)
[2017.11.17-21.55.41:077][965]LogModuleManager: Shutting down and abandoning module ImmediatePhysicsEditor (250)
[2017.11.17-21.55.41:077][965]LogModuleManager: Shutting down and abandoning module ImmediatePhysics (248)
[2017.11.17-21.55.41:077][965]LogModuleManager: Shutting down and abandoning module UdpMessaging (246)
[2017.11.17-21.55.41:178][965]LogModuleManager: Shutting down and abandoning module TcpMessaging (244)
[2017.11.17-21.55.41:279][965]LogModuleManager: Shutting down and abandoning module GameplayTagsEditor (242)
[2017.11.17-21.55.41:280][965]LogModuleManager: Shutting down and abandoning module FacialAnimationEditor (240)
[2017.11.17-21.55.41:280][965]LogModuleManager: Shutting down and abandoning module FacialAnimation (238)
[2017.11.17-21.55.41:280][965]LogModuleManager: Shutting down and abandoning module AssetManagerEditor (236)
[2017.11.17-21.55.41:281][965]LogModuleManager: Shutting down and abandoning module GraphEditor (235)
[2017.11.17-21.55.41:281][965]LogModuleManager: Shutting down and abandoning module ContentBrowser (233)
[2017.11.17-21.55.41:283][965]LogModuleManager: Shutting down and abandoning module LightPropagationVolumeRuntime (230)
[2017.11.17-21.55.41:283][965]LogModuleManager: Shutting down and abandoning module Paper2D (228)
[2017.11.17-21.55.41:283][965]LogModuleManager: Shutting down and abandoning module WindowsMoviePlayer (226)
[2017.11.17-21.55.41:283][965]LogModuleManager: Shutting down and abandoning module WmfMedia (224)
[2017.11.17-21.55.41:284][965]LogModuleManager: Shutting down and abandoning module PacketHandler (222)
[2017.11.17-21.55.41:284][965]LogModuleManager: Shutting down and abandoning module ClothingSystemEditor (220)
[2017.11.17-21.55.41:284][965]LogModuleManager: Shutting down and abandoning module ClothingSystemRuntime (218)
[2017.11.17-21.55.41:285][965]LogModuleManager: Shutting down and abandoning module Overlay (216)
[2017.11.17-21.55.41:285][965]LogModuleManager: Shutting down and abandoning module OverlayEditor (215)
[2017.11.17-21.55.41:285][965]LogModuleManager: Shutting down and abandoning module MediaAssets (212)
[2017.11.17-21.55.41:285][965]LogModuleManager: Shutting down and abandoning module VREditor (210)
[2017.11.17-21.55.41:285][965]LogModuleManager: Shutting down and abandoning module StringTableEditor (208)
[2017.11.17-21.55.41:285][965]LogModuleManager: Shutting down and abandoning module GameplayTasksEditor (206)
[2017.11.17-21.55.41:285][965]LogModuleManager: Shutting down and abandoning module BehaviorTreeEditor (204)
[2017.11.17-21.55.41:286][965]LogModuleManager: Shutting down and abandoning module FunctionalTesting (202)
[2017.11.17-21.55.41:286][965]LogModuleManager: Shutting down and abandoning module CollisionAnalyzer (200)
[2017.11.17-21.55.41:286][965]LogModuleManager: Shutting down and abandoning module WorkspaceMenuStructure (199)
[2017.11.17-21.55.41:286][965]LogModuleManager: Shutting down and abandoning module UMG (196)
[2017.11.17-21.55.41:286][965]LogModuleManager: Shutting down and abandoning module UMGEditor (195)
[2017.11.17-21.55.41:287][965]LogModuleManager: Shutting down and abandoning module Sequencer (194)
[2017.11.17-21.55.41:287][965]LogModuleManager: Shutting down and abandoning module MessageLog (191)
[2017.11.17-21.55.41:287][965]LogModuleManager: Shutting down and abandoning module SlateReflector (186)
[2017.11.17-21.55.41:287][965]LogModuleManager: Shutting down and abandoning module Slate (184)
[2017.11.17-21.55.41:287][965]LogModuleManager: Shutting down and abandoning module EditorStyle (182)
[2017.11.17-21.55.41:289][965]LogModuleManager: Shutting down and abandoning module MRMesh (180)
[2017.11.17-21.55.41:289][965]LogModuleManager: Shutting down and abandoning module SourceCodeAccess (178)
[2017.11.17-21.55.41:289][965]LogModuleManager: Shutting down and abandoning module HeadMountedDisplay (176)
[2017.11.17-21.55.41:289][965]LogModuleManager: Shutting down and abandoning module XAudio2 (174)
[2017.11.17-21.55.41:289][965]LogModuleManager: Shutting down and abandoning module Networking (172)
[2017.11.17-21.55.41:289][965]LogModuleManager: Shutting down and abandoning module Core (168)
[2017.11.17-21.55.41:289][965]LogModuleManager: Shutting down and abandoning module KismetCompiler (164)
[2017.11.17-21.55.41:289][965]LogModuleManager: Shutting down and abandoning module LevelSequence (162)
[2017.11.17-21.55.41:289][965]LogModuleManager: Shutting down and abandoning module MeshUtilities (160)
[2017.11.17-21.55.41:290][965]LogModuleManager: Shutting down and abandoning module MeshMergeUtilities (159)
[2017.11.17-21.55.41:290][965]LogModuleManager: Shutting down and abandoning module MeshReductionInterface (158)
[2017.11.17-21.55.41:290][965]LogModuleManager: Shutting down and abandoning module SimplygonSwarm (157)
[2017.11.17-21.55.41:290][965]LogModuleManager: Shutting down and abandoning module SimplygonMeshReduction (155)
[2017.11.17-21.55.41:290][965]LogModuleManager: Shutting down and abandoning module QuadricMeshReduction (153)
[2017.11.17-21.55.41:290][965]LogModuleManager: Shutting down and abandoning module MaterialBaking (149)
[2017.11.17-21.55.41:290][965]LogModuleManager: Shutting down and abandoning module DirectoryWatcher (146)
[2017.11.17-21.55.41:290][965]LogModuleManager: Shutting down and abandoning module DerivedDataCache (144)
[2017.11.17-21.55.41:320][965]LogDerivedDataCache: Shutdown
[2017.11.17-21.55.41:320][965]LogModuleManager: Shutting down and abandoning module TargetPlatform (142)
[2017.11.17-21.55.41:320][965]LogModuleManager: Shutting down and abandoning module VulkanShaderFormat (141)
[2017.11.17-21.55.41:321][965]LogModuleManager: Shutting down and abandoning module ShaderFormatVectorVM (139)
[2017.11.17-21.55.41:321][965]LogModuleManager: Shutting down and abandoning module ShaderFormatOpenGL (137)
[2017.11.17-21.55.41:321][965]LogModuleManager: Shutting down and abandoning module ShaderFormatD3D (135)
[2017.11.17-21.55.41:321][965]LogModuleManager: Shutting down and abandoning module MetalShaderFormat (133)
[2017.11.17-21.55.41:321][965]LogModuleManager: Shutting down and abandoning module TextureFormatUncompressed (131)
[2017.11.17-21.55.41:321][965]LogModuleManager: Shutting down and abandoning module TextureFormatPVR (129)
[2017.11.17-21.55.41:321][965]LogModuleManager: Shutting down and abandoning module TextureFormatDXT (127)
[2017.11.17-21.55.41:321][965]LogModuleManager: Shutting down and abandoning module TextureFormatIntelISPCTexComp (125)
[2017.11.17-21.55.41:322][965]LogModuleManager: Shutting down and abandoning module TextureFormatASTC (123)
[2017.11.17-21.55.41:322][965]LogModuleManager: Shutting down and abandoning module ImageWrapper (122)
[2017.11.17-21.55.41:322][965]LogModuleManager: Shutting down and abandoning module TextureFormatAndroid (119)
[2017.11.17-21.55.41:322][965]LogModuleManager: Shutting down and abandoning module AudioFormatOpus (117)
[2017.11.17-21.55.41:322][965]LogModuleManager: Shutting down and abandoning module AudioFormatOgg (115)
[2017.11.17-21.55.41:322][965]LogModuleManager: Shutting down and abandoning module AudioFormatADPCM (113)
[2017.11.17-21.55.41:322][965]LogModuleManager: Shutting down and abandoning module LinuxTargetPlatform (111)
[2017.11.17-21.55.41:322][965]LogModuleManager: Shutting down and abandoning module LinuxServerTargetPlatform (109)
[2017.11.17-21.55.41:322][965]LogModuleManager: Shutting down and abandoning module LinuxNoEditorTargetPlatform (107)
[2017.11.17-21.55.41:322][965]LogModuleManager: Shutting down and abandoning module LinuxClientTargetPlatform (105)
[2017.11.17-21.55.41:322][965]LogModuleManager: Shutting down and abandoning module TVOSTargetPlatform (103)
[2017.11.17-21.55.41:322][965]LogModuleManager: Shutting down and abandoning module Messaging (101)
[2017.11.17-21.55.41:322][965]LogModuleManager: Shutting down and abandoning module IOSTargetPlatform (99)
[2017.11.17-21.55.41:322][965]LogModuleManager: Shutting down and abandoning module HTML5TargetPlatform (97)
[2017.11.17-21.55.41:322][965]LogModuleManager: Shutting down and abandoning module Android_PVRTCTargetPlatform (95)
[2017.11.17-21.55.41:322][965]LogModuleManager: Shutting down and abandoning module Android_MultiTargetPlatform (93)
[2017.11.17-21.55.41:322][965]LogModuleManager: Shutting down and abandoning module Android_ETC2TargetPlatform (91)
[2017.11.17-21.55.41:322][965]LogModuleManager: Shutting down and abandoning module Android_ETC1TargetPlatform (89)
[2017.11.17-21.55.41:322][965]LogModuleManager: Shutting down and abandoning module Android_DXTTargetPlatform (87)
[2017.11.17-21.55.41:322][965]LogModuleManager: Shutting down and abandoning module Android_ATCTargetPlatform (85)
[2017.11.17-21.55.41:322][965]LogModuleManager: Shutting down and abandoning module Android_ASTCTargetPlatform (83)
[2017.11.17-21.55.41:322][965]LogModuleManager: Shutting down and abandoning module AndroidTargetPlatform (81)
[2017.11.17-21.55.41:322][965]LogModuleManager: Shutting down and abandoning module WindowsTargetPlatform (79)
[2017.11.17-21.55.41:322][965]LogModuleManager: Shutting down and abandoning module WindowsServerTargetPlatform (77)
[2017.11.17-21.55.41:322][965]LogModuleManager: Shutting down and abandoning module WindowsNoEditorTargetPlatform (75)
[2017.11.17-21.55.41:322][965]LogModuleManager: Shutting down and abandoning module WindowsClientTargetPlatform (73)
[2017.11.17-21.55.41:322][965]LogModuleManager: Shutting down and abandoning module MacTargetPlatform (71)
[2017.11.17-21.55.41:322][965]LogModuleManager: Shutting down and abandoning module MacServerTargetPlatform (69)
[2017.11.17-21.55.41:322][965]LogModuleManager: Shutting down and abandoning module MacNoEditorTargetPlatform (67)
[2017.11.17-21.55.41:322][965]LogModuleManager: Shutting down and abandoning module MacClientTargetPlatform (65)
[2017.11.17-21.55.41:322][965]LogModuleManager: Shutting down and abandoning module AllDesktopTargetPlatform (63)
[2017.11.17-21.55.41:322][965]LogModuleManager: Shutting down and abandoning module InputCore (60)
[2017.11.17-21.55.41:322][965]LogModuleManager: Shutting down and abandoning module Settings (58)
[2017.11.17-21.55.41:322][965]LogModuleManager: Shutting down and abandoning module PhysXCooking (56)
[2017.11.17-21.55.41:322][965]LogModuleManager: Shutting down and abandoning module SteamVR (54)
[2017.11.17-21.55.41:322][965]LogModuleManager: Shutting down and abandoning module OculusHMD (52)
[2017.11.17-21.55.41:322][965]LogModuleManager: Shutting down and abandoning module ExampleDeviceProfileSelector (50)
[2017.11.17-21.55.41:322][965]LogModuleManager: Shutting down and abandoning module OnlineBlueprintSupport (48)
[2017.11.17-21.55.41:322][965]LogModuleManager: Shutting down and abandoning module OnlineSubsystem (44)
[2017.11.17-21.55.41:322][965]LogOnline: Display: Unloading online subsystem: NULL
[2017.11.17-21.55.41:323][965]LogModuleManager: Shutting down and abandoning module XMPP (43)
[2017.11.17-21.55.41:323][965]LogModuleManager: Shutting down and abandoning module HTTP (41)
[2017.11.17-21.55.41:323][965]LogHttp: Display: Http module shutting down, but needs to wait on 1 outstanding Http requests:
[2017.11.17-21.55.41:323][965]LogHttp: Display: 	verb=[POST] url=[https://datarouter.ol.epicgames.com/datarouter/api/v1/public/data?SessionID=%7BF5A36B88-4171-6C37-B5C1-BD80820916E9%7D&AppID=UEEditor.Rocket.Release&AppVersion=4.17.2-3658906%2B%2B%2BUE4%2BRelease-4.17&UserID=a203f4af4d811de2507a69b6f005da8d%7Cc648e78ff1f14f6bb4d3381d3a062cc9%7C96e74bb1-c5ab-4f81-9a1e-e2eed9709da7&AppEnvironment=datacollector-binary&UploadType=eteventstream] status=Processing
[2017.11.17-21.55.41:330][965]LogModuleManager: Shutting down and abandoning module SSL (40)
[2017.11.17-21.55.41:331][965]LogModuleManager: Shutting down and abandoning module AnimationModifiers (36)
[2017.11.17-21.55.41:332][965]LogModuleManager: Shutting down and abandoning module PropertyEditor (35)
[2017.11.17-21.55.41:332][965]LogModuleManager: Shutting down and abandoning module AudioEditor (32)
[2017.11.17-21.55.41:332][965]LogModuleManager: Shutting down and abandoning module TextureCompressor (30)
[2017.11.17-21.55.41:332][965]LogModuleManager: Shutting down and abandoning module ShaderCore (28)
[2017.11.17-21.55.41:332][965]LogModuleManager: Shutting down and abandoning module Landscape (26)
[2017.11.17-21.55.41:332][965]LogModuleManager: Shutting down and abandoning module SlateRHIRenderer (24)
[2017.11.17-21.55.41:333][965]LogModuleManager: Shutting down and abandoning module OpenGLDrv (22)
[2017.11.17-21.55.41:333][965]LogModuleManager: Shutting down and abandoning module D3D11RHI (20)
[2017.11.17-21.55.41:333][965]LogModuleManager: Shutting down and abandoning module AnimGraphRuntime (18)
[2017.11.17-21.55.41:333][965]LogModuleManager: Shutting down and abandoning module Renderer (16)
[2017.11.17-21.55.41:333][965]LogModuleManager: Shutting down and abandoning module Engine (14)
[2017.11.17-21.55.41:333][965]LogModuleManager: Shutting down and abandoning module CoreUObject (12)
[2017.11.17-21.55.41:333][965]LogModuleManager: Shutting down and abandoning module NetworkFile (10)
[2017.11.17-21.55.41:333][965]LogModuleManager: Shutting down and abandoning module CookedIterativeFile (8)
[2017.11.17-21.55.41:333][965]LogModuleManager: Shutting down and abandoning module StreamingFile (6)
[2017.11.17-21.55.41:333][965]LogModuleManager: Shutting down and abandoning module SandboxFile (4)
[2017.11.17-21.55.41:333][965]LogModuleManager: Shutting down and abandoning module PakFile (2)
[2017.11.17-21.55.41:337][965]LogExit: Exiting.
[2017.11.17-21.55.41:349][965]Log file closed, 11/17/17 13:55:41
